{"numFailedTestSuites":1,"numFailedTests":10,"numPassedTestSuites":6,"numPassedTests":88,"numPendingTestSuites":0,"numPendingTests":0,"numRuntimeErrorTestSuites":0,"numTodoTests":0,"numTotalTestSuites":7,"numTotalTests":98,"openHandles":[],"snapshot":{"added":0,"didUpdate":false,"failure":false,"filesAdded":0,"filesRemoved":0,"filesRemovedList":[],"filesUnmatched":0,"filesUpdated":0,"matched":0,"total":0,"unchecked":0,"uncheckedKeysByFile":[],"unmatched":0,"updated":0},"startTime":1756124826956,"success":false,"testResults":[{"assertionResults":[{"ancestorTitles":["Quality Ribbon E2E Tests","🎨 Visual Display Tests"],"duration":1,"failureDetails":[{}],"failureMessages":["TypeError: Cannot read properties of undefined (reading 'children')\n    at children (/Users/adilyoltay/Desktop/obsesslesmobilenew/obslessless-clean/node_modules/@testing-library/react-native/src/helpers/find-all.ts:48:8)\n    at findAllInternal (/Users/adilyoltay/Desktop/obsesslesmobilenew/obslessless-clean/node_modules/@testing-library/react-native/src/helpers/find-all.ts:24:19)\n    at queryAllByTextFn (/Users/adilyoltay/Desktop/obsesslesmobilenew/obslessless-clean/node_modules/@testing-library/react-native/src/queries/text.ts:22:19)\n    at singleQueryFn (/Users/adilyoltay/Desktop/obsesslesmobilenew/obslessless-clean/node_modules/@testing-library/react-native/src/queries/make-queries.ts:135:48)\n    at Object.queryByText (/Users/adilyoltay/Desktop/obsesslesmobilenew/obslessless-clean/__tests__/integration/QualityRibbonDisplay.e2e.test.tsx:270:16)\n    at Generator.next (<anonymous>)\n    at asyncGeneratorStep (/Users/adilyoltay/Desktop/obsesslesmobilenew/obslessless-clean/node_modules/@babel/runtime/helpers/asyncToGenerator.js:3:17)\n    at _next (/Users/adilyoltay/Desktop/obsesslesmobilenew/obslessless-clean/node_modules/@babel/runtime/helpers/asyncToGenerator.js:17:9)\n    at /Users/adilyoltay/Desktop/obsesslesmobilenew/obslessless-clean/node_modules/@babel/runtime/helpers/asyncToGenerator.js:22:7\n    at new Promise (<anonymous>)\n    at Object.<anonymous> (/Users/adilyoltay/Desktop/obsesslesmobilenew/obslessless-clean/node_modules/@babel/runtime/helpers/asyncToGenerator.js:14:12)\n    at Promise.then.completed (/Users/adilyoltay/Desktop/obsesslesmobilenew/node_modules/jest-circus/build/utils.js:298:28)\n    at new Promise (<anonymous>)\n    at callAsyncCircusFn (/Users/adilyoltay/Desktop/obsesslesmobilenew/node_modules/jest-circus/build/utils.js:231:10)\n    at _callCircusTest (/Users/adilyoltay/Desktop/obsesslesmobilenew/node_modules/jest-circus/build/run.js:316:40)\n    at processTicksAndRejections (node:internal/process/task_queues:105:5)\n    at _runTest (/Users/adilyoltay/Desktop/obsesslesmobilenew/node_modules/jest-circus/build/run.js:252:3)\n    at _runTestsForDescribeBlock (/Users/adilyoltay/Desktop/obsesslesmobilenew/node_modules/jest-circus/build/run.js:126:9)\n    at _runTestsForDescribeBlock (/Users/adilyoltay/Desktop/obsesslesmobilenew/node_modules/jest-circus/build/run.js:121:9)\n    at _runTestsForDescribeBlock (/Users/adilyoltay/Desktop/obsesslesmobilenew/node_modules/jest-circus/build/run.js:121:9)\n    at run (/Users/adilyoltay/Desktop/obsesslesmobilenew/node_modules/jest-circus/build/run.js:71:3)\n    at runAndTransformResultsToJestFormat (/Users/adilyoltay/Desktop/obsesslesmobilenew/node_modules/jest-circus/build/legacy-code-todo-rewrite/jestAdapterInit.js:122:21)\n    at jestAdapter (/Users/adilyoltay/Desktop/obsesslesmobilenew/node_modules/jest-circus/build/legacy-code-todo-rewrite/jestAdapter.js:79:19)\n    at runTestInternal (/Users/adilyoltay/Desktop/obsesslesmobilenew/node_modules/jest-runner/build/runTest.js:367:16)\n    at runTest (/Users/adilyoltay/Desktop/obsesslesmobilenew/node_modules/jest-runner/build/runTest.js:444:34)"],"fullName":"Quality Ribbon E2E Tests 🎨 Visual Display Tests [QR:smoke:e2e_today] should render all quality badges for high quality data","invocations":1,"location":null,"numPassingAsserts":0,"retryReasons":[],"status":"failed","title":"[QR:smoke:e2e_today] should render all quality badges for high quality data"},{"ancestorTitles":["Quality Ribbon E2E Tests","🎨 Visual Display Tests"],"duration":4,"failureDetails":[{}],"failureMessages":["TypeError: Cannot read properties of undefined (reading 'children')\n    at children (/Users/adilyoltay/Desktop/obsesslesmobilenew/obslessless-clean/node_modules/@testing-library/react-native/src/helpers/find-all.ts:48:8)\n    at findAllInternal (/Users/adilyoltay/Desktop/obsesslesmobilenew/obslessless-clean/node_modules/@testing-library/react-native/src/helpers/find-all.ts:24:19)\n    at queryAllByTestIdFn (/Users/adilyoltay/Desktop/obsesslesmobilenew/obslessless-clean/node_modules/@testing-library/react-native/src/queries/test-id.ts:32:19)\n    at getFn (/Users/adilyoltay/Desktop/obsesslesmobilenew/obslessless-clean/node_modules/@testing-library/react-native/src/queries/make-queries.ts:154:48)\n    at Object.getByTestId (/Users/adilyoltay/Desktop/obsesslesmobilenew/obslessless-clean/__tests__/integration/QualityRibbonDisplay.e2e.test.tsx:286:24)\n    at Generator.next (<anonymous>)\n    at asyncGeneratorStep (/Users/adilyoltay/Desktop/obsesslesmobilenew/obslessless-clean/node_modules/@babel/runtime/helpers/asyncToGenerator.js:3:17)\n    at _next (/Users/adilyoltay/Desktop/obsesslesmobilenew/obslessless-clean/node_modules/@babel/runtime/helpers/asyncToGenerator.js:17:9)\n    at /Users/adilyoltay/Desktop/obsesslesmobilenew/obslessless-clean/node_modules/@babel/runtime/helpers/asyncToGenerator.js:22:7\n    at new Promise (<anonymous>)\n    at Object.<anonymous> (/Users/adilyoltay/Desktop/obsesslesmobilenew/obslessless-clean/node_modules/@babel/runtime/helpers/asyncToGenerator.js:14:12)\n    at Promise.then.completed (/Users/adilyoltay/Desktop/obsesslesmobilenew/node_modules/jest-circus/build/utils.js:298:28)\n    at new Promise (<anonymous>)\n    at callAsyncCircusFn (/Users/adilyoltay/Desktop/obsesslesmobilenew/node_modules/jest-circus/build/utils.js:231:10)\n    at _callCircusTest (/Users/adilyoltay/Desktop/obsesslesmobilenew/node_modules/jest-circus/build/run.js:316:40)\n    at _runTest (/Users/adilyoltay/Desktop/obsesslesmobilenew/node_modules/jest-circus/build/run.js:252:3)\n    at _runTestsForDescribeBlock (/Users/adilyoltay/Desktop/obsesslesmobilenew/node_modules/jest-circus/build/run.js:126:9)\n    at _runTestsForDescribeBlock (/Users/adilyoltay/Desktop/obsesslesmobilenew/node_modules/jest-circus/build/run.js:121:9)\n    at _runTestsForDescribeBlock (/Users/adilyoltay/Desktop/obsesslesmobilenew/node_modules/jest-circus/build/run.js:121:9)\n    at run (/Users/adilyoltay/Desktop/obsesslesmobilenew/node_modules/jest-circus/build/run.js:71:3)\n    at runAndTransformResultsToJestFormat (/Users/adilyoltay/Desktop/obsesslesmobilenew/node_modules/jest-circus/build/legacy-code-todo-rewrite/jestAdapterInit.js:122:21)\n    at jestAdapter (/Users/adilyoltay/Desktop/obsesslesmobilenew/node_modules/jest-circus/build/legacy-code-todo-rewrite/jestAdapter.js:79:19)\n    at runTestInternal (/Users/adilyoltay/Desktop/obsesslesmobilenew/node_modules/jest-runner/build/runTest.js:367:16)\n    at runTest (/Users/adilyoltay/Desktop/obsesslesmobilenew/node_modules/jest-runner/build/runTest.js:444:34)"],"fullName":"Quality Ribbon E2E Tests 🎨 Visual Display Tests [QR:smoke:e2e_today] should apply correct styling for different quality levels","invocations":1,"location":null,"numPassingAsserts":0,"retryReasons":[],"status":"failed","title":"[QR:smoke:e2e_today] should apply correct styling for different quality levels"},{"ancestorTitles":["Quality Ribbon E2E Tests","🎨 Conditional Rendering Tests"],"duration":0,"failureDetails":[{}],"failureMessages":["TypeError: Cannot read properties of undefined (reading 'children')\n    at children (/Users/adilyoltay/Desktop/obsesslesmobilenew/obslessless-clean/node_modules/@testing-library/react-native/src/helpers/find-all.ts:48:8)\n    at findAllInternal (/Users/adilyoltay/Desktop/obsesslesmobilenew/obslessless-clean/node_modules/@testing-library/react-native/src/helpers/find-all.ts:24:19)\n    at queryAllByTestIdFn (/Users/adilyoltay/Desktop/obsesslesmobilenew/obslessless-clean/node_modules/@testing-library/react-native/src/queries/test-id.ts:32:19)\n    at singleQueryFn (/Users/adilyoltay/Desktop/obsesslesmobilenew/obslessless-clean/node_modules/@testing-library/react-native/src/queries/make-queries.ts:135:48)\n    at Object.queryByTestId (/Users/adilyoltay/Desktop/obsesslesmobilenew/obslessless-clean/__tests__/integration/QualityRibbonDisplay.e2e.test.tsx:307:14)\n    at Generator.next (<anonymous>)\n    at asyncGeneratorStep (/Users/adilyoltay/Desktop/obsesslesmobilenew/obslessless-clean/node_modules/@babel/runtime/helpers/asyncToGenerator.js:3:17)\n    at _next (/Users/adilyoltay/Desktop/obsesslesmobilenew/obslessless-clean/node_modules/@babel/runtime/helpers/asyncToGenerator.js:17:9)\n    at /Users/adilyoltay/Desktop/obsesslesmobilenew/obslessless-clean/node_modules/@babel/runtime/helpers/asyncToGenerator.js:22:7\n    at new Promise (<anonymous>)\n    at Object.<anonymous> (/Users/adilyoltay/Desktop/obsesslesmobilenew/obslessless-clean/node_modules/@babel/runtime/helpers/asyncToGenerator.js:14:12)\n    at Promise.then.completed (/Users/adilyoltay/Desktop/obsesslesmobilenew/node_modules/jest-circus/build/utils.js:298:28)\n    at new Promise (<anonymous>)\n    at callAsyncCircusFn (/Users/adilyoltay/Desktop/obsesslesmobilenew/node_modules/jest-circus/build/utils.js:231:10)\n    at _callCircusTest (/Users/adilyoltay/Desktop/obsesslesmobilenew/node_modules/jest-circus/build/run.js:316:40)\n    at _runTest (/Users/adilyoltay/Desktop/obsesslesmobilenew/node_modules/jest-circus/build/run.js:252:3)\n    at _runTestsForDescribeBlock (/Users/adilyoltay/Desktop/obsesslesmobilenew/node_modules/jest-circus/build/run.js:126:9)\n    at _runTestsForDescribeBlock (/Users/adilyoltay/Desktop/obsesslesmobilenew/node_modules/jest-circus/build/run.js:121:9)\n    at _runTestsForDescribeBlock (/Users/adilyoltay/Desktop/obsesslesmobilenew/node_modules/jest-circus/build/run.js:121:9)\n    at run (/Users/adilyoltay/Desktop/obsesslesmobilenew/node_modules/jest-circus/build/run.js:71:3)\n    at runAndTransformResultsToJestFormat (/Users/adilyoltay/Desktop/obsesslesmobilenew/node_modules/jest-circus/build/legacy-code-todo-rewrite/jestAdapterInit.js:122:21)\n    at jestAdapter (/Users/adilyoltay/Desktop/obsesslesmobilenew/node_modules/jest-circus/build/legacy-code-todo-rewrite/jestAdapter.js:79:19)\n    at runTestInternal (/Users/adilyoltay/Desktop/obsesslesmobilenew/node_modules/jest-runner/build/runTest.js:367:16)\n    at runTest (/Users/adilyoltay/Desktop/obsesslesmobilenew/node_modules/jest-runner/build/runTest.js:444:34)"],"fullName":"Quality Ribbon E2E Tests 🎨 Conditional Rendering Tests should hide ribbon when meta is null or undefined","invocations":1,"location":null,"numPassingAsserts":0,"retryReasons":[],"status":"failed","title":"should hide ribbon when meta is null or undefined"},{"ancestorTitles":["Quality Ribbon E2E Tests","🎨 Conditional Rendering Tests"],"duration":0,"failureDetails":[{}],"failureMessages":["TypeError: Cannot read properties of undefined (reading 'children')\n    at children (/Users/adilyoltay/Desktop/obsesslesmobilenew/obslessless-clean/node_modules/@testing-library/react-native/src/helpers/find-all.ts:48:8)\n    at findAllInternal (/Users/adilyoltay/Desktop/obsesslesmobilenew/obslessless-clean/node_modules/@testing-library/react-native/src/helpers/find-all.ts:24:19)\n    at queryAllByTextFn (/Users/adilyoltay/Desktop/obsesslesmobilenew/obslessless-clean/node_modules/@testing-library/react-native/src/queries/text.ts:22:19)\n    at singleQueryFn (/Users/adilyoltay/Desktop/obsesslesmobilenew/obslessless-clean/node_modules/@testing-library/react-native/src/queries/make-queries.ts:135:48)\n    at Object.queryByText (/Users/adilyoltay/Desktop/obsesslesmobilenew/obslessless-clean/__tests__/integration/QualityRibbonDisplay.e2e.test.tsx:323:14)\n    at Generator.next (<anonymous>)\n    at asyncGeneratorStep (/Users/adilyoltay/Desktop/obsesslesmobilenew/obslessless-clean/node_modules/@babel/runtime/helpers/asyncToGenerator.js:3:17)\n    at _next (/Users/adilyoltay/Desktop/obsesslesmobilenew/obslessless-clean/node_modules/@babel/runtime/helpers/asyncToGenerator.js:17:9)\n    at /Users/adilyoltay/Desktop/obsesslesmobilenew/obslessless-clean/node_modules/@babel/runtime/helpers/asyncToGenerator.js:22:7\n    at new Promise (<anonymous>)\n    at Object.<anonymous> (/Users/adilyoltay/Desktop/obsesslesmobilenew/obslessless-clean/node_modules/@babel/runtime/helpers/asyncToGenerator.js:14:12)\n    at Promise.then.completed (/Users/adilyoltay/Desktop/obsesslesmobilenew/node_modules/jest-circus/build/utils.js:298:28)\n    at new Promise (<anonymous>)\n    at callAsyncCircusFn (/Users/adilyoltay/Desktop/obsesslesmobilenew/node_modules/jest-circus/build/utils.js:231:10)\n    at _callCircusTest (/Users/adilyoltay/Desktop/obsesslesmobilenew/node_modules/jest-circus/build/run.js:316:40)\n    at _runTest (/Users/adilyoltay/Desktop/obsesslesmobilenew/node_modules/jest-circus/build/run.js:252:3)\n    at _runTestsForDescribeBlock (/Users/adilyoltay/Desktop/obsesslesmobilenew/node_modules/jest-circus/build/run.js:126:9)\n    at _runTestsForDescribeBlock (/Users/adilyoltay/Desktop/obsesslesmobilenew/node_modules/jest-circus/build/run.js:121:9)\n    at _runTestsForDescribeBlock (/Users/adilyoltay/Desktop/obsesslesmobilenew/node_modules/jest-circus/build/run.js:121:9)\n    at run (/Users/adilyoltay/Desktop/obsesslesmobilenew/node_modules/jest-circus/build/run.js:71:3)\n    at runAndTransformResultsToJestFormat (/Users/adilyoltay/Desktop/obsesslesmobilenew/node_modules/jest-circus/build/legacy-code-todo-rewrite/jestAdapterInit.js:122:21)\n    at jestAdapter (/Users/adilyoltay/Desktop/obsesslesmobilenew/node_modules/jest-circus/build/legacy-code-todo-rewrite/jestAdapter.js:79:19)\n    at runTestInternal (/Users/adilyoltay/Desktop/obsesslesmobilenew/node_modules/jest-runner/build/runTest.js:367:16)\n    at runTest (/Users/adilyoltay/Desktop/obsesslesmobilenew/node_modules/jest-runner/build/runTest.js:444:34)"],"fullName":"Quality Ribbon E2E Tests 🎨 Conditional Rendering Tests should handle partial meta data gracefully","invocations":1,"location":null,"numPassingAsserts":0,"retryReasons":[],"status":"failed","title":"should handle partial meta data gracefully"},{"ancestorTitles":["Quality Ribbon E2E Tests","🔄 Dynamic Update Tests"],"duration":1,"failureDetails":[{}],"failureMessages":["TypeError: Cannot read properties of undefined (reading 'children')\n    at children (/Users/adilyoltay/Desktop/obsesslesmobilenew/obslessless-clean/node_modules/@testing-library/react-native/src/helpers/find-all.ts:48:8)\n    at findAllInternal (/Users/adilyoltay/Desktop/obsesslesmobilenew/obslessless-clean/node_modules/@testing-library/react-native/src/helpers/find-all.ts:24:19)\n    at queryAllByTextFn (/Users/adilyoltay/Desktop/obsesslesmobilenew/obslessless-clean/node_modules/@testing-library/react-native/src/queries/text.ts:22:19)\n    at singleQueryFn (/Users/adilyoltay/Desktop/obsesslesmobilenew/obslessless-clean/node_modules/@testing-library/react-native/src/queries/make-queries.ts:135:48)\n    at Object.queryByText (/Users/adilyoltay/Desktop/obsesslesmobilenew/obslessless-clean/__tests__/integration/QualityRibbonDisplay.e2e.test.tsx:338:14)\n    at Generator.next (<anonymous>)\n    at asyncGeneratorStep (/Users/adilyoltay/Desktop/obsesslesmobilenew/obslessless-clean/node_modules/@babel/runtime/helpers/asyncToGenerator.js:3:17)\n    at _next (/Users/adilyoltay/Desktop/obsesslesmobilenew/obslessless-clean/node_modules/@babel/runtime/helpers/asyncToGenerator.js:17:9)\n    at /Users/adilyoltay/Desktop/obsesslesmobilenew/obslessless-clean/node_modules/@babel/runtime/helpers/asyncToGenerator.js:22:7\n    at new Promise (<anonymous>)\n    at Object.<anonymous> (/Users/adilyoltay/Desktop/obsesslesmobilenew/obslessless-clean/node_modules/@babel/runtime/helpers/asyncToGenerator.js:14:12)\n    at Promise.then.completed (/Users/adilyoltay/Desktop/obsesslesmobilenew/node_modules/jest-circus/build/utils.js:298:28)\n    at new Promise (<anonymous>)\n    at callAsyncCircusFn (/Users/adilyoltay/Desktop/obsesslesmobilenew/node_modules/jest-circus/build/utils.js:231:10)\n    at _callCircusTest (/Users/adilyoltay/Desktop/obsesslesmobilenew/node_modules/jest-circus/build/run.js:316:40)\n    at _runTest (/Users/adilyoltay/Desktop/obsesslesmobilenew/node_modules/jest-circus/build/run.js:252:3)\n    at _runTestsForDescribeBlock (/Users/adilyoltay/Desktop/obsesslesmobilenew/node_modules/jest-circus/build/run.js:126:9)\n    at _runTestsForDescribeBlock (/Users/adilyoltay/Desktop/obsesslesmobilenew/node_modules/jest-circus/build/run.js:121:9)\n    at _runTestsForDescribeBlock (/Users/adilyoltay/Desktop/obsesslesmobilenew/node_modules/jest-circus/build/run.js:121:9)\n    at run (/Users/adilyoltay/Desktop/obsesslesmobilenew/node_modules/jest-circus/build/run.js:71:3)\n    at runAndTransformResultsToJestFormat (/Users/adilyoltay/Desktop/obsesslesmobilenew/node_modules/jest-circus/build/legacy-code-todo-rewrite/jestAdapterInit.js:122:21)\n    at jestAdapter (/Users/adilyoltay/Desktop/obsesslesmobilenew/node_modules/jest-circus/build/legacy-code-todo-rewrite/jestAdapter.js:79:19)\n    at runTestInternal (/Users/adilyoltay/Desktop/obsesslesmobilenew/node_modules/jest-runner/build/runTest.js:367:16)\n    at runTest (/Users/adilyoltay/Desktop/obsesslesmobilenew/node_modules/jest-runner/build/runTest.js:444:34)"],"fullName":"Quality Ribbon E2E Tests 🔄 Dynamic Update Tests should update ribbon when meta changes","invocations":1,"location":null,"numPassingAsserts":0,"retryReasons":[],"status":"failed","title":"should update ribbon when meta changes"},{"ancestorTitles":["Quality Ribbon E2E Tests","📊 Integration with Mood Screen"],"duration":1,"failureDetails":[{}],"failureMessages":["TypeError: Cannot read properties of undefined (reading 'children')\n    at children (/Users/adilyoltay/Desktop/obsesslesmobilenew/obslessless-clean/node_modules/@testing-library/react-native/src/helpers/find-all.ts:48:8)\n    at findAllInternal (/Users/adilyoltay/Desktop/obsesslesmobilenew/obslessless-clean/node_modules/@testing-library/react-native/src/helpers/find-all.ts:24:19)\n    at queryAllByTestIdFn (/Users/adilyoltay/Desktop/obsesslesmobilenew/obslessless-clean/node_modules/@testing-library/react-native/src/queries/test-id.ts:32:19)\n    at getFn (/Users/adilyoltay/Desktop/obsesslesmobilenew/obslessless-clean/node_modules/@testing-library/react-native/src/queries/make-queries.ts:154:48)\n    at Object.getByTestId (/Users/adilyoltay/Desktop/obsesslesmobilenew/obslessless-clean/__tests__/integration/QualityRibbonDisplay.e2e.test.tsx:364:14)\n    at Generator.next (<anonymous>)\n    at asyncGeneratorStep (/Users/adilyoltay/Desktop/obsesslesmobilenew/obslessless-clean/node_modules/@babel/runtime/helpers/asyncToGenerator.js:3:17)\n    at _next (/Users/adilyoltay/Desktop/obsesslesmobilenew/obslessless-clean/node_modules/@babel/runtime/helpers/asyncToGenerator.js:17:9)\n    at /Users/adilyoltay/Desktop/obsesslesmobilenew/obslessless-clean/node_modules/@babel/runtime/helpers/asyncToGenerator.js:22:7\n    at new Promise (<anonymous>)\n    at Object.<anonymous> (/Users/adilyoltay/Desktop/obsesslesmobilenew/obslessless-clean/node_modules/@babel/runtime/helpers/asyncToGenerator.js:14:12)\n    at Promise.then.completed (/Users/adilyoltay/Desktop/obsesslesmobilenew/node_modules/jest-circus/build/utils.js:298:28)\n    at new Promise (<anonymous>)\n    at callAsyncCircusFn (/Users/adilyoltay/Desktop/obsesslesmobilenew/node_modules/jest-circus/build/utils.js:231:10)\n    at _callCircusTest (/Users/adilyoltay/Desktop/obsesslesmobilenew/node_modules/jest-circus/build/run.js:316:40)\n    at _runTest (/Users/adilyoltay/Desktop/obsesslesmobilenew/node_modules/jest-circus/build/run.js:252:3)\n    at _runTestsForDescribeBlock (/Users/adilyoltay/Desktop/obsesslesmobilenew/node_modules/jest-circus/build/run.js:126:9)\n    at _runTestsForDescribeBlock (/Users/adilyoltay/Desktop/obsesslesmobilenew/node_modules/jest-circus/build/run.js:121:9)\n    at _runTestsForDescribeBlock (/Users/adilyoltay/Desktop/obsesslesmobilenew/node_modules/jest-circus/build/run.js:121:9)\n    at run (/Users/adilyoltay/Desktop/obsesslesmobilenew/node_modules/jest-circus/build/run.js:71:3)\n    at runAndTransformResultsToJestFormat (/Users/adilyoltay/Desktop/obsesslesmobilenew/node_modules/jest-circus/build/legacy-code-todo-rewrite/jestAdapterInit.js:122:21)\n    at jestAdapter (/Users/adilyoltay/Desktop/obsesslesmobilenew/node_modules/jest-circus/build/legacy-code-todo-rewrite/jestAdapter.js:79:19)\n    at runTestInternal (/Users/adilyoltay/Desktop/obsesslesmobilenew/node_modules/jest-runner/build/runTest.js:367:16)\n    at runTest (/Users/adilyoltay/Desktop/obsesslesmobilenew/node_modules/jest-runner/build/runTest.js:444:34)"],"fullName":"Quality Ribbon E2E Tests 📊 Integration with Mood Screen [QR:smoke:e2e_mood] should display quality ribbon on mood screen adaptive suggestion","invocations":1,"location":null,"numPassingAsserts":0,"retryReasons":[],"status":"failed","title":"[QR:smoke:e2e_mood] should display quality ribbon on mood screen adaptive suggestion"},{"ancestorTitles":["Quality Ribbon E2E Tests","📊 Integration with Mood Screen"],"duration":0,"failureDetails":[{}],"failureMessages":["TypeError: Cannot read properties of undefined (reading 'children')\n    at children (/Users/adilyoltay/Desktop/obsesslesmobilenew/obslessless-clean/node_modules/@testing-library/react-native/src/helpers/find-all.ts:48:8)\n    at findAllInternal (/Users/adilyoltay/Desktop/obsesslesmobilenew/obslessless-clean/node_modules/@testing-library/react-native/src/helpers/find-all.ts:24:19)\n    at queryAllByTestIdFn (/Users/adilyoltay/Desktop/obsesslesmobilenew/obslessless-clean/node_modules/@testing-library/react-native/src/queries/test-id.ts:32:19)\n    at singleQueryFn (/Users/adilyoltay/Desktop/obsesslesmobilenew/obslessless-clean/node_modules/@testing-library/react-native/src/queries/make-queries.ts:135:48)\n    at Object.queryByTestId (/Users/adilyoltay/Desktop/obsesslesmobilenew/obslessless-clean/__tests__/integration/QualityRibbonDisplay.e2e.test.tsx:393:14)\n    at Generator.next (<anonymous>)\n    at asyncGeneratorStep (/Users/adilyoltay/Desktop/obsesslesmobilenew/obslessless-clean/node_modules/@babel/runtime/helpers/asyncToGenerator.js:3:17)\n    at _next (/Users/adilyoltay/Desktop/obsesslesmobilenew/obslessless-clean/node_modules/@babel/runtime/helpers/asyncToGenerator.js:17:9)\n    at /Users/adilyoltay/Desktop/obsesslesmobilenew/obslessless-clean/node_modules/@babel/runtime/helpers/asyncToGenerator.js:22:7\n    at new Promise (<anonymous>)\n    at Object.<anonymous> (/Users/adilyoltay/Desktop/obsesslesmobilenew/obslessless-clean/node_modules/@babel/runtime/helpers/asyncToGenerator.js:14:12)\n    at Promise.then.completed (/Users/adilyoltay/Desktop/obsesslesmobilenew/node_modules/jest-circus/build/utils.js:298:28)\n    at new Promise (<anonymous>)\n    at callAsyncCircusFn (/Users/adilyoltay/Desktop/obsesslesmobilenew/node_modules/jest-circus/build/utils.js:231:10)\n    at _callCircusTest (/Users/adilyoltay/Desktop/obsesslesmobilenew/node_modules/jest-circus/build/run.js:316:40)\n    at _runTest (/Users/adilyoltay/Desktop/obsesslesmobilenew/node_modules/jest-circus/build/run.js:252:3)\n    at _runTestsForDescribeBlock (/Users/adilyoltay/Desktop/obsesslesmobilenew/node_modules/jest-circus/build/run.js:126:9)\n    at _runTestsForDescribeBlock (/Users/adilyoltay/Desktop/obsesslesmobilenew/node_modules/jest-circus/build/run.js:121:9)\n    at _runTestsForDescribeBlock (/Users/adilyoltay/Desktop/obsesslesmobilenew/node_modules/jest-circus/build/run.js:121:9)\n    at run (/Users/adilyoltay/Desktop/obsesslesmobilenew/node_modules/jest-circus/build/run.js:71:3)\n    at runAndTransformResultsToJestFormat (/Users/adilyoltay/Desktop/obsesslesmobilenew/node_modules/jest-circus/build/legacy-code-todo-rewrite/jestAdapterInit.js:122:21)\n    at jestAdapter (/Users/adilyoltay/Desktop/obsesslesmobilenew/node_modules/jest-circus/build/legacy-code-todo-rewrite/jestAdapter.js:79:19)\n    at runTestInternal (/Users/adilyoltay/Desktop/obsesslesmobilenew/node_modules/jest-runner/build/runTest.js:367:16)\n    at runTest (/Users/adilyoltay/Desktop/obsesslesmobilenew/node_modules/jest-runner/build/runTest.js:444:34)"],"fullName":"Quality Ribbon E2E Tests 📊 Integration with Mood Screen [QR:smoke:e2e_mood] should handle mood screen without quality metadata","invocations":1,"location":null,"numPassingAsserts":0,"retryReasons":[],"status":"failed","title":"[QR:smoke:e2e_mood] should handle mood screen without quality metadata"},{"ancestorTitles":["Quality Ribbon E2E Tests","📊 Integration with Mood Screen"],"duration":1,"failureDetails":[{}],"failureMessages":["TypeError: Cannot read properties of undefined (reading 'children')\n    at children (/Users/adilyoltay/Desktop/obsesslesmobilenew/obslessless-clean/node_modules/@testing-library/react-native/src/helpers/find-all.ts:48:8)\n    at findAllInternal (/Users/adilyoltay/Desktop/obsesslesmobilenew/obslessless-clean/node_modules/@testing-library/react-native/src/helpers/find-all.ts:24:19)\n    at queryAllByTextFn (/Users/adilyoltay/Desktop/obsesslesmobilenew/obslessless-clean/node_modules/@testing-library/react-native/src/queries/text.ts:22:19)\n    at singleQueryFn (/Users/adilyoltay/Desktop/obsesslesmobilenew/obslessless-clean/node_modules/@testing-library/react-native/src/queries/make-queries.ts:135:48)\n    at Object.queryByText (/Users/adilyoltay/Desktop/obsesslesmobilenew/obslessless-clean/__tests__/integration/QualityRibbonDisplay.e2e.test.tsx:420:14)\n    at Generator.next (<anonymous>)\n    at asyncGeneratorStep (/Users/adilyoltay/Desktop/obsesslesmobilenew/obslessless-clean/node_modules/@babel/runtime/helpers/asyncToGenerator.js:3:17)\n    at _next (/Users/adilyoltay/Desktop/obsesslesmobilenew/obslessless-clean/node_modules/@babel/runtime/helpers/asyncToGenerator.js:17:9)\n    at /Users/adilyoltay/Desktop/obsesslesmobilenew/obslessless-clean/node_modules/@babel/runtime/helpers/asyncToGenerator.js:22:7\n    at new Promise (<anonymous>)\n    at Object.<anonymous> (/Users/adilyoltay/Desktop/obsesslesmobilenew/obslessless-clean/node_modules/@babel/runtime/helpers/asyncToGenerator.js:14:12)\n    at Promise.then.completed (/Users/adilyoltay/Desktop/obsesslesmobilenew/node_modules/jest-circus/build/utils.js:298:28)\n    at new Promise (<anonymous>)\n    at callAsyncCircusFn (/Users/adilyoltay/Desktop/obsesslesmobilenew/node_modules/jest-circus/build/utils.js:231:10)\n    at _callCircusTest (/Users/adilyoltay/Desktop/obsesslesmobilenew/node_modules/jest-circus/build/run.js:316:40)\n    at _runTest (/Users/adilyoltay/Desktop/obsesslesmobilenew/node_modules/jest-circus/build/run.js:252:3)\n    at _runTestsForDescribeBlock (/Users/adilyoltay/Desktop/obsesslesmobilenew/node_modules/jest-circus/build/run.js:126:9)\n    at _runTestsForDescribeBlock (/Users/adilyoltay/Desktop/obsesslesmobilenew/node_modules/jest-circus/build/run.js:121:9)\n    at _runTestsForDescribeBlock (/Users/adilyoltay/Desktop/obsesslesmobilenew/node_modules/jest-circus/build/run.js:121:9)\n    at run (/Users/adilyoltay/Desktop/obsesslesmobilenew/node_modules/jest-circus/build/run.js:71:3)\n    at runAndTransformResultsToJestFormat (/Users/adilyoltay/Desktop/obsesslesmobilenew/node_modules/jest-circus/build/legacy-code-todo-rewrite/jestAdapterInit.js:122:21)\n    at jestAdapter (/Users/adilyoltay/Desktop/obsesslesmobilenew/node_modules/jest-circus/build/legacy-code-todo-rewrite/jestAdapter.js:79:19)\n    at runTestInternal (/Users/adilyoltay/Desktop/obsesslesmobilenew/node_modules/jest-runner/build/runTest.js:367:16)\n    at runTest (/Users/adilyoltay/Desktop/obsesslesmobilenew/node_modules/jest-runner/build/runTest.js:444:34)"],"fullName":"Quality Ribbon E2E Tests 📊 Integration with Mood Screen [QR:smoke:e2e_mood] should update quality ribbon after mood entry","invocations":1,"location":null,"numPassingAsserts":0,"retryReasons":[],"status":"failed","title":"[QR:smoke:e2e_mood] should update quality ribbon after mood entry"},{"ancestorTitles":["Quality Ribbon E2E Tests","📊 Integration with Mood Screen"],"duration":3,"failureDetails":[{}],"failureMessages":["TypeError: Cannot read properties of undefined (reading 'children')\n    at children (/Users/adilyoltay/Desktop/obsesslesmobilenew/obslessless-clean/node_modules/@testing-library/react-native/src/helpers/find-all.ts:48:8)\n    at findAllInternal (/Users/adilyoltay/Desktop/obsesslesmobilenew/obslessless-clean/node_modules/@testing-library/react-native/src/helpers/find-all.ts:24:19)\n    at queryAllByTextFn (/Users/adilyoltay/Desktop/obsesslesmobilenew/obslessless-clean/node_modules/@testing-library/react-native/src/queries/text.ts:22:19)\n    at singleQueryFn (/Users/adilyoltay/Desktop/obsesslesmobilenew/obslessless-clean/node_modules/@testing-library/react-native/src/queries/make-queries.ts:135:48)\n    at Object.queryByText (/Users/adilyoltay/Desktop/obsesslesmobilenew/obslessless-clean/__tests__/integration/QualityRibbonDisplay.e2e.test.tsx:459:14)\n    at Generator.next (<anonymous>)\n    at asyncGeneratorStep (/Users/adilyoltay/Desktop/obsesslesmobilenew/obslessless-clean/node_modules/@babel/runtime/helpers/asyncToGenerator.js:3:17)\n    at _next (/Users/adilyoltay/Desktop/obsesslesmobilenew/obslessless-clean/node_modules/@babel/runtime/helpers/asyncToGenerator.js:17:9)\n    at /Users/adilyoltay/Desktop/obsesslesmobilenew/obslessless-clean/node_modules/@babel/runtime/helpers/asyncToGenerator.js:22:7\n    at new Promise (<anonymous>)\n    at Object.<anonymous> (/Users/adilyoltay/Desktop/obsesslesmobilenew/obslessless-clean/node_modules/@babel/runtime/helpers/asyncToGenerator.js:14:12)\n    at Promise.then.completed (/Users/adilyoltay/Desktop/obsesslesmobilenew/node_modules/jest-circus/build/utils.js:298:28)\n    at new Promise (<anonymous>)\n    at callAsyncCircusFn (/Users/adilyoltay/Desktop/obsesslesmobilenew/node_modules/jest-circus/build/utils.js:231:10)\n    at _callCircusTest (/Users/adilyoltay/Desktop/obsesslesmobilenew/node_modules/jest-circus/build/run.js:316:40)\n    at _runTest (/Users/adilyoltay/Desktop/obsesslesmobilenew/node_modules/jest-circus/build/run.js:252:3)\n    at _runTestsForDescribeBlock (/Users/adilyoltay/Desktop/obsesslesmobilenew/node_modules/jest-circus/build/run.js:126:9)\n    at _runTestsForDescribeBlock (/Users/adilyoltay/Desktop/obsesslesmobilenew/node_modules/jest-circus/build/run.js:121:9)\n    at _runTestsForDescribeBlock (/Users/adilyoltay/Desktop/obsesslesmobilenew/node_modules/jest-circus/build/run.js:121:9)\n    at run (/Users/adilyoltay/Desktop/obsesslesmobilenew/node_modules/jest-circus/build/run.js:71:3)\n    at runAndTransformResultsToJestFormat (/Users/adilyoltay/Desktop/obsesslesmobilenew/node_modules/jest-circus/build/legacy-code-todo-rewrite/jestAdapterInit.js:122:21)\n    at jestAdapter (/Users/adilyoltay/Desktop/obsesslesmobilenew/node_modules/jest-circus/build/legacy-code-todo-rewrite/jestAdapter.js:79:19)\n    at runTestInternal (/Users/adilyoltay/Desktop/obsesslesmobilenew/node_modules/jest-runner/build/runTest.js:367:16)\n    at runTest (/Users/adilyoltay/Desktop/obsesslesmobilenew/node_modules/jest-runner/build/runTest.js:444:34)"],"fullName":"Quality Ribbon E2E Tests 📊 Integration with Mood Screen [QR:smoke:e2e_mood] should maintain quality ribbon during loading states","invocations":1,"location":null,"numPassingAsserts":0,"retryReasons":[],"status":"failed","title":"[QR:smoke:e2e_mood] should maintain quality ribbon during loading states"},{"ancestorTitles":["Quality Ribbon E2E Tests","🎤 Voice Interaction Tests"],"duration":0,"failureDetails":[{}],"failureMessages":["TypeError: Cannot read properties of undefined (reading 'children')\n    at children (/Users/adilyoltay/Desktop/obsesslesmobilenew/obslessless-clean/node_modules/@testing-library/react-native/src/helpers/find-all.ts:48:8)\n    at findAllInternal (/Users/adilyoltay/Desktop/obsesslesmobilenew/obslessless-clean/node_modules/@testing-library/react-native/src/helpers/find-all.ts:24:19)\n    at queryAllByTextFn (/Users/adilyoltay/Desktop/obsesslesmobilenew/obslessless-clean/node_modules/@testing-library/react-native/src/queries/text.ts:22:19)\n    at singleQueryFn (/Users/adilyoltay/Desktop/obsesslesmobilenew/obslessless-clean/node_modules/@testing-library/react-native/src/queries/make-queries.ts:135:48)\n    at Object.queryByText (/Users/adilyoltay/Desktop/obsesslesmobilenew/obslessless-clean/__tests__/integration/QualityRibbonDisplay.e2e.test.tsx:486:14)\n    at Generator.next (<anonymous>)\n    at asyncGeneratorStep (/Users/adilyoltay/Desktop/obsesslesmobilenew/obslessless-clean/node_modules/@babel/runtime/helpers/asyncToGenerator.js:3:17)\n    at _next (/Users/adilyoltay/Desktop/obsesslesmobilenew/obslessless-clean/node_modules/@babel/runtime/helpers/asyncToGenerator.js:17:9)\n    at /Users/adilyoltay/Desktop/obsesslesmobilenew/obslessless-clean/node_modules/@babel/runtime/helpers/asyncToGenerator.js:22:7\n    at new Promise (<anonymous>)\n    at Object.<anonymous> (/Users/adilyoltay/Desktop/obsesslesmobilenew/obslessless-clean/node_modules/@babel/runtime/helpers/asyncToGenerator.js:14:12)\n    at Promise.then.completed (/Users/adilyoltay/Desktop/obsesslesmobilenew/node_modules/jest-circus/build/utils.js:298:28)\n    at new Promise (<anonymous>)\n    at callAsyncCircusFn (/Users/adilyoltay/Desktop/obsesslesmobilenew/node_modules/jest-circus/build/utils.js:231:10)\n    at _callCircusTest (/Users/adilyoltay/Desktop/obsesslesmobilenew/node_modules/jest-circus/build/run.js:316:40)\n    at _runTest (/Users/adilyoltay/Desktop/obsesslesmobilenew/node_modules/jest-circus/build/run.js:252:3)\n    at _runTestsForDescribeBlock (/Users/adilyoltay/Desktop/obsesslesmobilenew/node_modules/jest-circus/build/run.js:126:9)\n    at _runTestsForDescribeBlock (/Users/adilyoltay/Desktop/obsesslesmobilenew/node_modules/jest-circus/build/run.js:121:9)\n    at _runTestsForDescribeBlock (/Users/adilyoltay/Desktop/obsesslesmobilenew/node_modules/jest-circus/build/run.js:121:9)\n    at run (/Users/adilyoltay/Desktop/obsesslesmobilenew/node_modules/jest-circus/build/run.js:71:3)\n    at runAndTransformResultsToJestFormat (/Users/adilyoltay/Desktop/obsesslesmobilenew/node_modules/jest-circus/build/legacy-code-todo-rewrite/jestAdapterInit.js:122:21)\n    at jestAdapter (/Users/adilyoltay/Desktop/obsesslesmobilenew/node_modules/jest-circus/build/legacy-code-todo-rewrite/jestAdapter.js:79:19)\n    at runTestInternal (/Users/adilyoltay/Desktop/obsesslesmobilenew/node_modules/jest-runner/build/runTest.js:367:16)\n    at runTest (/Users/adilyoltay/Desktop/obsesslesmobilenew/node_modules/jest-runner/build/runTest.js:444:34)"],"fullName":"Quality Ribbon E2E Tests 🎤 Voice Interaction Tests [QR:smoke:e2e_voice] should show quality ribbon after voice analysis","invocations":1,"location":null,"numPassingAsserts":0,"retryReasons":[],"status":"failed","title":"[QR:smoke:e2e_voice] should show quality ribbon after voice analysis"}],"endTime":1756124827264,"message":"\u001b[1m\u001b[31m  \u001b[1m● \u001b[22m\u001b[1mQuality Ribbon E2E Tests › 🎨 Visual Display Tests › [QR:smoke:e2e_today] should render all quality badges for high quality data\u001b[39m\u001b[22m\n\n    TypeError: Cannot read properties of undefined (reading 'children')\n\u001b[2m\u001b[22m\n\u001b[2m    \u001b[0m \u001b[90m 268 |\u001b[39m       \u001b[90m// Check all badges are visible\u001b[39m\u001b[22m\n\u001b[2m     \u001b[90m 269 |\u001b[39m       \u001b[36mfor\u001b[39m (\u001b[36mconst\u001b[39m badge \u001b[36mof\u001b[39m expectedBadges) {\u001b[22m\n\u001b[2m    \u001b[31m\u001b[1m>\u001b[22m\u001b[2m\u001b[39m\u001b[90m 270 |\u001b[39m         expect(queryByText(badge))\u001b[33m.\u001b[39mtoBeTruthy()\u001b[33m;\u001b[39m\u001b[22m\n\u001b[2m     \u001b[90m     |\u001b[39m                \u001b[31m\u001b[1m^\u001b[22m\u001b[2m\u001b[39m\u001b[22m\n\u001b[2m     \u001b[90m 271 |\u001b[39m       }\u001b[22m\n\u001b[2m     \u001b[90m 272 |\u001b[39m     })\u001b[33m;\u001b[39m\u001b[22m\n\u001b[2m     \u001b[90m 273 |\u001b[39m\u001b[0m\u001b[22m\n\u001b[2m\u001b[22m\n\u001b[2m      \u001b[2mat children (\u001b[22m\u001b[2mnode_modules/@testing-library/react-native/src/helpers/find-all.ts\u001b[2m:48:8)\u001b[22m\u001b[2m\u001b[22m\n\u001b[2m      \u001b[2mat findAllInternal (\u001b[22m\u001b[2mnode_modules/@testing-library/react-native/src/helpers/find-all.ts\u001b[2m:24:19)\u001b[22m\u001b[2m\u001b[22m\n\u001b[2m      \u001b[2mat queryAllByTextFn (\u001b[22m\u001b[2mnode_modules/@testing-library/react-native/src/queries/text.ts\u001b[2m:22:19)\u001b[22m\u001b[2m\u001b[22m\n\u001b[2m      \u001b[2mat singleQueryFn (\u001b[22m\u001b[2mnode_modules/@testing-library/react-native/src/queries/make-queries.ts\u001b[2m:135:48)\u001b[22m\u001b[2m\u001b[22m\n\u001b[2m      \u001b[2mat Object.queryByText (\u001b[22m\u001b[2m\u001b[0m\u001b[36m__tests__/integration/QualityRibbonDisplay.e2e.test.tsx\u001b[39m\u001b[0m\u001b[2m:270:16)\u001b[22m\u001b[2m\u001b[22m\n\u001b[2m      \u001b[2mat asyncGeneratorStep (\u001b[22m\u001b[2mnode_modules/@babel/runtime/helpers/asyncToGenerator.js\u001b[2m:3:17)\u001b[22m\u001b[2m\u001b[22m\n\u001b[2m      \u001b[2mat _next (\u001b[22m\u001b[2mnode_modules/@babel/runtime/helpers/asyncToGenerator.js\u001b[2m:17:9)\u001b[22m\u001b[2m\u001b[22m\n\u001b[2m      \u001b[2mat \u001b[22m\u001b[2mnode_modules/@babel/runtime/helpers/asyncToGenerator.js\u001b[2m:22:7\u001b[22m\u001b[2m\u001b[22m\n\u001b[2m      \u001b[2mat Object.<anonymous> (\u001b[22m\u001b[2mnode_modules/@babel/runtime/helpers/asyncToGenerator.js\u001b[2m:14:12)\u001b[22m\u001b[2m\u001b[22m\n\n\u001b[1m\u001b[31m  \u001b[1m● \u001b[22m\u001b[1mQuality Ribbon E2E Tests › 🎨 Visual Display Tests › [QR:smoke:e2e_today] should apply correct styling for different quality levels\u001b[39m\u001b[22m\n\n    TypeError: Cannot read properties of undefined (reading 'children')\n\u001b[2m\u001b[22m\n\u001b[2m    \u001b[0m \u001b[90m 284 |\u001b[39m         )\u001b[33m;\u001b[39m\u001b[22m\n\u001b[2m     \u001b[90m 285 |\u001b[39m\u001b[22m\n\u001b[2m    \u001b[31m\u001b[1m>\u001b[22m\u001b[2m\u001b[39m\u001b[90m 286 |\u001b[39m         \u001b[36mconst\u001b[39m ribbon \u001b[33m=\u001b[39m getByTestId(\u001b[32m'quality-ribbon'\u001b[39m)\u001b[33m;\u001b[39m\u001b[22m\n\u001b[2m     \u001b[90m     |\u001b[39m                        \u001b[31m\u001b[1m^\u001b[22m\u001b[2m\u001b[39m\u001b[22m\n\u001b[2m     \u001b[90m 287 |\u001b[39m         expect(ribbon)\u001b[33m.\u001b[39mtoBeTruthy()\u001b[33m;\u001b[39m\u001b[22m\n\u001b[2m     \u001b[90m 288 |\u001b[39m         \u001b[22m\n\u001b[2m     \u001b[90m 289 |\u001b[39m         \u001b[90m// Clean up for next iteration\u001b[39m\u001b[0m\u001b[22m\n\u001b[2m\u001b[22m\n\u001b[2m      \u001b[2mat children (\u001b[22m\u001b[2mnode_modules/@testing-library/react-native/src/helpers/find-all.ts\u001b[2m:48:8)\u001b[22m\u001b[2m\u001b[22m\n\u001b[2m      \u001b[2mat findAllInternal (\u001b[22m\u001b[2mnode_modules/@testing-library/react-native/src/helpers/find-all.ts\u001b[2m:24:19)\u001b[22m\u001b[2m\u001b[22m\n\u001b[2m      \u001b[2mat queryAllByTestIdFn (\u001b[22m\u001b[2mnode_modules/@testing-library/react-native/src/queries/test-id.ts\u001b[2m:32:19)\u001b[22m\u001b[2m\u001b[22m\n\u001b[2m      \u001b[2mat getFn (\u001b[22m\u001b[2mnode_modules/@testing-library/react-native/src/queries/make-queries.ts\u001b[2m:154:48)\u001b[22m\u001b[2m\u001b[22m\n\u001b[2m      \u001b[2mat Object.getByTestId (\u001b[22m\u001b[2m\u001b[0m\u001b[36m__tests__/integration/QualityRibbonDisplay.e2e.test.tsx\u001b[39m\u001b[0m\u001b[2m:286:24)\u001b[22m\u001b[2m\u001b[22m\n\u001b[2m      \u001b[2mat asyncGeneratorStep (\u001b[22m\u001b[2mnode_modules/@babel/runtime/helpers/asyncToGenerator.js\u001b[2m:3:17)\u001b[22m\u001b[2m\u001b[22m\n\u001b[2m      \u001b[2mat _next (\u001b[22m\u001b[2mnode_modules/@babel/runtime/helpers/asyncToGenerator.js\u001b[2m:17:9)\u001b[22m\u001b[2m\u001b[22m\n\u001b[2m      \u001b[2mat \u001b[22m\u001b[2mnode_modules/@babel/runtime/helpers/asyncToGenerator.js\u001b[2m:22:7\u001b[22m\u001b[2m\u001b[22m\n\u001b[2m      \u001b[2mat Object.<anonymous> (\u001b[22m\u001b[2mnode_modules/@babel/runtime/helpers/asyncToGenerator.js\u001b[2m:14:12)\u001b[22m\u001b[2m\u001b[22m\n\n\u001b[1m\u001b[31m  \u001b[1m● \u001b[22m\u001b[1mQuality Ribbon E2E Tests › 🎨 Conditional Rendering Tests › should hide ribbon when meta is null or undefined\u001b[39m\u001b[22m\n\n    TypeError: Cannot read properties of undefined (reading 'children')\n\u001b[2m\u001b[22m\n\u001b[2m    \u001b[0m \u001b[90m 305 |\u001b[39m       )\u001b[33m;\u001b[39m\u001b[22m\n\u001b[2m     \u001b[90m 306 |\u001b[39m\u001b[22m\n\u001b[2m    \u001b[31m\u001b[1m>\u001b[22m\u001b[2m\u001b[39m\u001b[90m 307 |\u001b[39m       expect(queryByTestId(\u001b[32m'quality-ribbon'\u001b[39m))\u001b[33m.\u001b[39mtoBeFalsy()\u001b[33m;\u001b[39m\u001b[22m\n\u001b[2m     \u001b[90m     |\u001b[39m              \u001b[31m\u001b[1m^\u001b[22m\u001b[2m\u001b[39m\u001b[22m\n\u001b[2m     \u001b[90m 308 |\u001b[39m     })\u001b[33m;\u001b[39m\u001b[22m\n\u001b[2m     \u001b[90m 309 |\u001b[39m\u001b[22m\n\u001b[2m     \u001b[90m 310 |\u001b[39m     it(\u001b[32m'should handle partial meta data gracefully'\u001b[39m\u001b[33m,\u001b[39m \u001b[36masync\u001b[39m () \u001b[33m=>\u001b[39m {\u001b[0m\u001b[22m\n\u001b[2m\u001b[22m\n\u001b[2m      \u001b[2mat children (\u001b[22m\u001b[2mnode_modules/@testing-library/react-native/src/helpers/find-all.ts\u001b[2m:48:8)\u001b[22m\u001b[2m\u001b[22m\n\u001b[2m      \u001b[2mat findAllInternal (\u001b[22m\u001b[2mnode_modules/@testing-library/react-native/src/helpers/find-all.ts\u001b[2m:24:19)\u001b[22m\u001b[2m\u001b[22m\n\u001b[2m      \u001b[2mat queryAllByTestIdFn (\u001b[22m\u001b[2mnode_modules/@testing-library/react-native/src/queries/test-id.ts\u001b[2m:32:19)\u001b[22m\u001b[2m\u001b[22m\n\u001b[2m      \u001b[2mat singleQueryFn (\u001b[22m\u001b[2mnode_modules/@testing-library/react-native/src/queries/make-queries.ts\u001b[2m:135:48)\u001b[22m\u001b[2m\u001b[22m\n\u001b[2m      \u001b[2mat Object.queryByTestId (\u001b[22m\u001b[2m\u001b[0m\u001b[36m__tests__/integration/QualityRibbonDisplay.e2e.test.tsx\u001b[39m\u001b[0m\u001b[2m:307:14)\u001b[22m\u001b[2m\u001b[22m\n\u001b[2m      \u001b[2mat asyncGeneratorStep (\u001b[22m\u001b[2mnode_modules/@babel/runtime/helpers/asyncToGenerator.js\u001b[2m:3:17)\u001b[22m\u001b[2m\u001b[22m\n\u001b[2m      \u001b[2mat _next (\u001b[22m\u001b[2mnode_modules/@babel/runtime/helpers/asyncToGenerator.js\u001b[2m:17:9)\u001b[22m\u001b[2m\u001b[22m\n\u001b[2m      \u001b[2mat \u001b[22m\u001b[2mnode_modules/@babel/runtime/helpers/asyncToGenerator.js\u001b[2m:22:7\u001b[22m\u001b[2m\u001b[22m\n\u001b[2m      \u001b[2mat Object.<anonymous> (\u001b[22m\u001b[2mnode_modules/@babel/runtime/helpers/asyncToGenerator.js\u001b[2m:14:12)\u001b[22m\u001b[2m\u001b[22m\n\n\u001b[1m\u001b[31m  \u001b[1m● \u001b[22m\u001b[1mQuality Ribbon E2E Tests › 🎨 Conditional Rendering Tests › should handle partial meta data gracefully\u001b[39m\u001b[22m\n\n    TypeError: Cannot read properties of undefined (reading 'children')\n\u001b[2m\u001b[22m\n\u001b[2m    \u001b[0m \u001b[90m 321 |\u001b[39m\u001b[22m\n\u001b[2m     \u001b[90m 322 |\u001b[39m       \u001b[90m// Should show available data\u001b[39m\u001b[22m\n\u001b[2m    \u001b[31m\u001b[1m>\u001b[22m\u001b[2m\u001b[39m\u001b[90m 323 |\u001b[39m       expect(queryByText(\u001b[32m'Fresh'\u001b[39m))\u001b[33m.\u001b[39mtoBeTruthy()\u001b[33m;\u001b[39m\u001b[22m\n\u001b[2m     \u001b[90m     |\u001b[39m              \u001b[31m\u001b[1m^\u001b[22m\u001b[2m\u001b[39m\u001b[22m\n\u001b[2m     \u001b[90m 324 |\u001b[39m       \u001b[90m// But not show missing data\u001b[39m\u001b[22m\n\u001b[2m     \u001b[90m 325 |\u001b[39m       expect(queryByText(\u001b[35m/n=/\u001b[39m))\u001b[33m.\u001b[39mtoBeFalsy()\u001b[33m;\u001b[39m\u001b[22m\n\u001b[2m     \u001b[90m 326 |\u001b[39m     })\u001b[33m;\u001b[39m\u001b[0m\u001b[22m\n\u001b[2m\u001b[22m\n\u001b[2m      \u001b[2mat children (\u001b[22m\u001b[2mnode_modules/@testing-library/react-native/src/helpers/find-all.ts\u001b[2m:48:8)\u001b[22m\u001b[2m\u001b[22m\n\u001b[2m      \u001b[2mat findAllInternal (\u001b[22m\u001b[2mnode_modules/@testing-library/react-native/src/helpers/find-all.ts\u001b[2m:24:19)\u001b[22m\u001b[2m\u001b[22m\n\u001b[2m      \u001b[2mat queryAllByTextFn (\u001b[22m\u001b[2mnode_modules/@testing-library/react-native/src/queries/text.ts\u001b[2m:22:19)\u001b[22m\u001b[2m\u001b[22m\n\u001b[2m      \u001b[2mat singleQueryFn (\u001b[22m\u001b[2mnode_modules/@testing-library/react-native/src/queries/make-queries.ts\u001b[2m:135:48)\u001b[22m\u001b[2m\u001b[22m\n\u001b[2m      \u001b[2mat Object.queryByText (\u001b[22m\u001b[2m\u001b[0m\u001b[36m__tests__/integration/QualityRibbonDisplay.e2e.test.tsx\u001b[39m\u001b[0m\u001b[2m:323:14)\u001b[22m\u001b[2m\u001b[22m\n\u001b[2m      \u001b[2mat asyncGeneratorStep (\u001b[22m\u001b[2mnode_modules/@babel/runtime/helpers/asyncToGenerator.js\u001b[2m:3:17)\u001b[22m\u001b[2m\u001b[22m\n\u001b[2m      \u001b[2mat _next (\u001b[22m\u001b[2mnode_modules/@babel/runtime/helpers/asyncToGenerator.js\u001b[2m:17:9)\u001b[22m\u001b[2m\u001b[22m\n\u001b[2m      \u001b[2mat \u001b[22m\u001b[2mnode_modules/@babel/runtime/helpers/asyncToGenerator.js\u001b[2m:22:7\u001b[22m\u001b[2m\u001b[22m\n\u001b[2m      \u001b[2mat Object.<anonymous> (\u001b[22m\u001b[2mnode_modules/@babel/runtime/helpers/asyncToGenerator.js\u001b[2m:14:12)\u001b[22m\u001b[2m\u001b[22m\n\n\u001b[1m\u001b[31m  \u001b[1m● \u001b[22m\u001b[1mQuality Ribbon E2E Tests › 🔄 Dynamic Update Tests › should update ribbon when meta changes\u001b[39m\u001b[22m\n\n    TypeError: Cannot read properties of undefined (reading 'children')\n\u001b[2m\u001b[22m\n\u001b[2m    \u001b[0m \u001b[90m 336 |\u001b[39m\u001b[22m\n\u001b[2m     \u001b[90m 337 |\u001b[39m       \u001b[90m// Check initial state\u001b[39m\u001b[22m\n\u001b[2m    \u001b[31m\u001b[1m>\u001b[22m\u001b[2m\u001b[39m\u001b[90m 338 |\u001b[39m       expect(queryByText(\u001b[32m'Fresh'\u001b[39m))\u001b[33m.\u001b[39mtoBeTruthy()\u001b[33m;\u001b[39m\u001b[22m\n\u001b[2m     \u001b[90m     |\u001b[39m              \u001b[31m\u001b[1m^\u001b[22m\u001b[2m\u001b[39m\u001b[22m\n\u001b[2m     \u001b[90m 339 |\u001b[39m       expect(queryByText(\u001b[32m'High'\u001b[39m))\u001b[33m.\u001b[39mtoBeTruthy()\u001b[33m;\u001b[39m\u001b[22m\n\u001b[2m     \u001b[90m 340 |\u001b[39m\u001b[22m\n\u001b[2m     \u001b[90m 341 |\u001b[39m       \u001b[90m// Update to medium quality\u001b[39m\u001b[0m\u001b[22m\n\u001b[2m\u001b[22m\n\u001b[2m      \u001b[2mat children (\u001b[22m\u001b[2mnode_modules/@testing-library/react-native/src/helpers/find-all.ts\u001b[2m:48:8)\u001b[22m\u001b[2m\u001b[22m\n\u001b[2m      \u001b[2mat findAllInternal (\u001b[22m\u001b[2mnode_modules/@testing-library/react-native/src/helpers/find-all.ts\u001b[2m:24:19)\u001b[22m\u001b[2m\u001b[22m\n\u001b[2m      \u001b[2mat queryAllByTextFn (\u001b[22m\u001b[2mnode_modules/@testing-library/react-native/src/queries/text.ts\u001b[2m:22:19)\u001b[22m\u001b[2m\u001b[22m\n\u001b[2m      \u001b[2mat singleQueryFn (\u001b[22m\u001b[2mnode_modules/@testing-library/react-native/src/queries/make-queries.ts\u001b[2m:135:48)\u001b[22m\u001b[2m\u001b[22m\n\u001b[2m      \u001b[2mat Object.queryByText (\u001b[22m\u001b[2m\u001b[0m\u001b[36m__tests__/integration/QualityRibbonDisplay.e2e.test.tsx\u001b[39m\u001b[0m\u001b[2m:338:14)\u001b[22m\u001b[2m\u001b[22m\n\u001b[2m      \u001b[2mat asyncGeneratorStep (\u001b[22m\u001b[2mnode_modules/@babel/runtime/helpers/asyncToGenerator.js\u001b[2m:3:17)\u001b[22m\u001b[2m\u001b[22m\n\u001b[2m      \u001b[2mat _next (\u001b[22m\u001b[2mnode_modules/@babel/runtime/helpers/asyncToGenerator.js\u001b[2m:17:9)\u001b[22m\u001b[2m\u001b[22m\n\u001b[2m      \u001b[2mat \u001b[22m\u001b[2mnode_modules/@babel/runtime/helpers/asyncToGenerator.js\u001b[2m:22:7\u001b[22m\u001b[2m\u001b[22m\n\u001b[2m      \u001b[2mat Object.<anonymous> (\u001b[22m\u001b[2mnode_modules/@babel/runtime/helpers/asyncToGenerator.js\u001b[2m:14:12)\u001b[22m\u001b[2m\u001b[22m\n\n\u001b[1m\u001b[31m  \u001b[1m● \u001b[22m\u001b[1mQuality Ribbon E2E Tests › 📊 Integration with Mood Screen › [QR:smoke:e2e_mood] should display quality ribbon on mood screen adaptive suggestion\u001b[39m\u001b[22m\n\n    TypeError: Cannot read properties of undefined (reading 'children')\n\u001b[2m\u001b[22m\n\u001b[2m    \u001b[0m \u001b[90m 362 |\u001b[39m\u001b[22m\n\u001b[2m     \u001b[90m 363 |\u001b[39m       \u001b[90m// Check mood screen is rendered\u001b[39m\u001b[22m\n\u001b[2m    \u001b[31m\u001b[1m>\u001b[22m\u001b[2m\u001b[39m\u001b[90m 364 |\u001b[39m       expect(getByTestId(\u001b[32m'mood-screen'\u001b[39m))\u001b[33m.\u001b[39mtoBeTruthy()\u001b[33m;\u001b[39m\u001b[22m\n\u001b[2m     \u001b[90m     |\u001b[39m              \u001b[31m\u001b[1m^\u001b[22m\u001b[2m\u001b[39m\u001b[22m\n\u001b[2m     \u001b[90m 365 |\u001b[39m       \u001b[22m\n\u001b[2m     \u001b[90m 366 |\u001b[39m       \u001b[90m// Check quality ribbon is displayed\u001b[39m\u001b[22m\n\u001b[2m     \u001b[90m 367 |\u001b[39m       expect(queryByText(\u001b[32m'Cache'\u001b[39m))\u001b[33m.\u001b[39mtoBeTruthy()\u001b[33m;\u001b[39m\u001b[0m\u001b[22m\n\u001b[2m\u001b[22m\n\u001b[2m      \u001b[2mat children (\u001b[22m\u001b[2mnode_modules/@testing-library/react-native/src/helpers/find-all.ts\u001b[2m:48:8)\u001b[22m\u001b[2m\u001b[22m\n\u001b[2m      \u001b[2mat findAllInternal (\u001b[22m\u001b[2mnode_modules/@testing-library/react-native/src/helpers/find-all.ts\u001b[2m:24:19)\u001b[22m\u001b[2m\u001b[22m\n\u001b[2m      \u001b[2mat queryAllByTestIdFn (\u001b[22m\u001b[2mnode_modules/@testing-library/react-native/src/queries/test-id.ts\u001b[2m:32:19)\u001b[22m\u001b[2m\u001b[22m\n\u001b[2m      \u001b[2mat getFn (\u001b[22m\u001b[2mnode_modules/@testing-library/react-native/src/queries/make-queries.ts\u001b[2m:154:48)\u001b[22m\u001b[2m\u001b[22m\n\u001b[2m      \u001b[2mat Object.getByTestId (\u001b[22m\u001b[2m\u001b[0m\u001b[36m__tests__/integration/QualityRibbonDisplay.e2e.test.tsx\u001b[39m\u001b[0m\u001b[2m:364:14)\u001b[22m\u001b[2m\u001b[22m\n\u001b[2m      \u001b[2mat asyncGeneratorStep (\u001b[22m\u001b[2mnode_modules/@babel/runtime/helpers/asyncToGenerator.js\u001b[2m:3:17)\u001b[22m\u001b[2m\u001b[22m\n\u001b[2m      \u001b[2mat _next (\u001b[22m\u001b[2mnode_modules/@babel/runtime/helpers/asyncToGenerator.js\u001b[2m:17:9)\u001b[22m\u001b[2m\u001b[22m\n\u001b[2m      \u001b[2mat \u001b[22m\u001b[2mnode_modules/@babel/runtime/helpers/asyncToGenerator.js\u001b[2m:22:7\u001b[22m\u001b[2m\u001b[22m\n\u001b[2m      \u001b[2mat Object.<anonymous> (\u001b[22m\u001b[2mnode_modules/@babel/runtime/helpers/asyncToGenerator.js\u001b[2m:14:12)\u001b[22m\u001b[2m\u001b[22m\n\n\u001b[1m\u001b[31m  \u001b[1m● \u001b[22m\u001b[1mQuality Ribbon E2E Tests › 📊 Integration with Mood Screen › [QR:smoke:e2e_mood] should handle mood screen without quality metadata\u001b[39m\u001b[22m\n\n    TypeError: Cannot read properties of undefined (reading 'children')\n\u001b[2m\u001b[22m\n\u001b[2m    \u001b[0m \u001b[90m 391 |\u001b[39m\u001b[22m\n\u001b[2m     \u001b[90m 392 |\u001b[39m       \u001b[90m// Screen should render\u001b[39m\u001b[22m\n\u001b[2m    \u001b[31m\u001b[1m>\u001b[22m\u001b[2m\u001b[39m\u001b[90m 393 |\u001b[39m       expect(queryByTestId(\u001b[32m'mood-screen'\u001b[39m))\u001b[33m.\u001b[39mtoBeTruthy()\u001b[33m;\u001b[39m\u001b[22m\n\u001b[2m     \u001b[90m     |\u001b[39m              \u001b[31m\u001b[1m^\u001b[22m\u001b[2m\u001b[39m\u001b[22m\n\u001b[2m     \u001b[90m 394 |\u001b[39m       \u001b[90m// But no quality ribbon\u001b[39m\u001b[22m\n\u001b[2m     \u001b[90m 395 |\u001b[39m       expect(queryByTestId(\u001b[32m'quality-ribbon'\u001b[39m))\u001b[33m.\u001b[39mtoBeFalsy()\u001b[33m;\u001b[39m\u001b[22m\n\u001b[2m     \u001b[90m 396 |\u001b[39m     })\u001b[33m;\u001b[39m\u001b[0m\u001b[22m\n\u001b[2m\u001b[22m\n\u001b[2m      \u001b[2mat children (\u001b[22m\u001b[2mnode_modules/@testing-library/react-native/src/helpers/find-all.ts\u001b[2m:48:8)\u001b[22m\u001b[2m\u001b[22m\n\u001b[2m      \u001b[2mat findAllInternal (\u001b[22m\u001b[2mnode_modules/@testing-library/react-native/src/helpers/find-all.ts\u001b[2m:24:19)\u001b[22m\u001b[2m\u001b[22m\n\u001b[2m      \u001b[2mat queryAllByTestIdFn (\u001b[22m\u001b[2mnode_modules/@testing-library/react-native/src/queries/test-id.ts\u001b[2m:32:19)\u001b[22m\u001b[2m\u001b[22m\n\u001b[2m      \u001b[2mat singleQueryFn (\u001b[22m\u001b[2mnode_modules/@testing-library/react-native/src/queries/make-queries.ts\u001b[2m:135:48)\u001b[22m\u001b[2m\u001b[22m\n\u001b[2m      \u001b[2mat Object.queryByTestId (\u001b[22m\u001b[2m\u001b[0m\u001b[36m__tests__/integration/QualityRibbonDisplay.e2e.test.tsx\u001b[39m\u001b[0m\u001b[2m:393:14)\u001b[22m\u001b[2m\u001b[22m\n\u001b[2m      \u001b[2mat asyncGeneratorStep (\u001b[22m\u001b[2mnode_modules/@babel/runtime/helpers/asyncToGenerator.js\u001b[2m:3:17)\u001b[22m\u001b[2m\u001b[22m\n\u001b[2m      \u001b[2mat _next (\u001b[22m\u001b[2mnode_modules/@babel/runtime/helpers/asyncToGenerator.js\u001b[2m:17:9)\u001b[22m\u001b[2m\u001b[22m\n\u001b[2m      \u001b[2mat \u001b[22m\u001b[2mnode_modules/@babel/runtime/helpers/asyncToGenerator.js\u001b[2m:22:7\u001b[22m\u001b[2m\u001b[22m\n\u001b[2m      \u001b[2mat Object.<anonymous> (\u001b[22m\u001b[2mnode_modules/@babel/runtime/helpers/asyncToGenerator.js\u001b[2m:14:12)\u001b[22m\u001b[2m\u001b[22m\n\n\u001b[1m\u001b[31m  \u001b[1m● \u001b[22m\u001b[1mQuality Ribbon E2E Tests › 📊 Integration with Mood Screen › [QR:smoke:e2e_mood] should update quality ribbon after mood entry\u001b[39m\u001b[22m\n\n    TypeError: Cannot read properties of undefined (reading 'children')\n\u001b[2m\u001b[22m\n\u001b[2m    \u001b[0m \u001b[90m 418 |\u001b[39m\u001b[22m\n\u001b[2m     \u001b[90m 419 |\u001b[39m       \u001b[90m// Initially low quality\u001b[39m\u001b[22m\n\u001b[2m    \u001b[31m\u001b[1m>\u001b[22m\u001b[2m\u001b[39m\u001b[90m 420 |\u001b[39m       expect(queryByText(\u001b[32m'Cache'\u001b[39m))\u001b[33m.\u001b[39mtoBeTruthy()\u001b[33m;\u001b[39m\u001b[22m\n\u001b[2m     \u001b[90m     |\u001b[39m              \u001b[31m\u001b[1m^\u001b[22m\u001b[2m\u001b[39m\u001b[22m\n\u001b[2m     \u001b[90m 421 |\u001b[39m       expect(queryByText(\u001b[32m'Low'\u001b[39m))\u001b[33m.\u001b[39mtoBeTruthy()\u001b[33m;\u001b[39m\u001b[22m\n\u001b[2m     \u001b[90m 422 |\u001b[39m\u001b[22m\n\u001b[2m     \u001b[90m 423 |\u001b[39m       \u001b[90m// Simulate refresh\u001b[39m\u001b[0m\u001b[22m\n\u001b[2m\u001b[22m\n\u001b[2m      \u001b[2mat children (\u001b[22m\u001b[2mnode_modules/@testing-library/react-native/src/helpers/find-all.ts\u001b[2m:48:8)\u001b[22m\u001b[2m\u001b[22m\n\u001b[2m      \u001b[2mat findAllInternal (\u001b[22m\u001b[2mnode_modules/@testing-library/react-native/src/helpers/find-all.ts\u001b[2m:24:19)\u001b[22m\u001b[2m\u001b[22m\n\u001b[2m      \u001b[2mat queryAllByTextFn (\u001b[22m\u001b[2mnode_modules/@testing-library/react-native/src/queries/text.ts\u001b[2m:22:19)\u001b[22m\u001b[2m\u001b[22m\n\u001b[2m      \u001b[2mat singleQueryFn (\u001b[22m\u001b[2mnode_modules/@testing-library/react-native/src/queries/make-queries.ts\u001b[2m:135:48)\u001b[22m\u001b[2m\u001b[22m\n\u001b[2m      \u001b[2mat Object.queryByText (\u001b[22m\u001b[2m\u001b[0m\u001b[36m__tests__/integration/QualityRibbonDisplay.e2e.test.tsx\u001b[39m\u001b[0m\u001b[2m:420:14)\u001b[22m\u001b[2m\u001b[22m\n\u001b[2m      \u001b[2mat asyncGeneratorStep (\u001b[22m\u001b[2mnode_modules/@babel/runtime/helpers/asyncToGenerator.js\u001b[2m:3:17)\u001b[22m\u001b[2m\u001b[22m\n\u001b[2m      \u001b[2mat _next (\u001b[22m\u001b[2mnode_modules/@babel/runtime/helpers/asyncToGenerator.js\u001b[2m:17:9)\u001b[22m\u001b[2m\u001b[22m\n\u001b[2m      \u001b[2mat \u001b[22m\u001b[2mnode_modules/@babel/runtime/helpers/asyncToGenerator.js\u001b[2m:22:7\u001b[22m\u001b[2m\u001b[22m\n\u001b[2m      \u001b[2mat Object.<anonymous> (\u001b[22m\u001b[2mnode_modules/@babel/runtime/helpers/asyncToGenerator.js\u001b[2m:14:12)\u001b[22m\u001b[2m\u001b[22m\n\n\u001b[1m\u001b[31m  \u001b[1m● \u001b[22m\u001b[1mQuality Ribbon E2E Tests › 📊 Integration with Mood Screen › [QR:smoke:e2e_mood] should maintain quality ribbon during loading states\u001b[39m\u001b[22m\n\n    TypeError: Cannot read properties of undefined (reading 'children')\n\u001b[2m\u001b[22m\n\u001b[2m    \u001b[0m \u001b[90m 457 |\u001b[39m\u001b[22m\n\u001b[2m     \u001b[90m 458 |\u001b[39m       \u001b[90m// Quality ribbon should still be visible during loading\u001b[39m\u001b[22m\n\u001b[2m    \u001b[31m\u001b[1m>\u001b[22m\u001b[2m\u001b[39m\u001b[90m 459 |\u001b[39m       expect(queryByText(\u001b[32m'Heuristic'\u001b[39m))\u001b[33m.\u001b[39mtoBeTruthy()\u001b[33m;\u001b[39m\u001b[22m\n\u001b[2m     \u001b[90m     |\u001b[39m              \u001b[31m\u001b[1m^\u001b[22m\u001b[2m\u001b[39m\u001b[22m\n\u001b[2m     \u001b[90m 460 |\u001b[39m       expect(queryByText(\u001b[32m'Med'\u001b[39m))\u001b[33m.\u001b[39mtoBeTruthy()\u001b[33m;\u001b[39m\u001b[22m\n\u001b[2m     \u001b[90m 461 |\u001b[39m     })\u001b[33m;\u001b[39m\u001b[22m\n\u001b[2m     \u001b[90m 462 |\u001b[39m   })\u001b[33m;\u001b[39m\u001b[0m\u001b[22m\n\u001b[2m\u001b[22m\n\u001b[2m      \u001b[2mat children (\u001b[22m\u001b[2mnode_modules/@testing-library/react-native/src/helpers/find-all.ts\u001b[2m:48:8)\u001b[22m\u001b[2m\u001b[22m\n\u001b[2m      \u001b[2mat findAllInternal (\u001b[22m\u001b[2mnode_modules/@testing-library/react-native/src/helpers/find-all.ts\u001b[2m:24:19)\u001b[22m\u001b[2m\u001b[22m\n\u001b[2m      \u001b[2mat queryAllByTextFn (\u001b[22m\u001b[2mnode_modules/@testing-library/react-native/src/queries/text.ts\u001b[2m:22:19)\u001b[22m\u001b[2m\u001b[22m\n\u001b[2m      \u001b[2mat singleQueryFn (\u001b[22m\u001b[2mnode_modules/@testing-library/react-native/src/queries/make-queries.ts\u001b[2m:135:48)\u001b[22m\u001b[2m\u001b[22m\n\u001b[2m      \u001b[2mat Object.queryByText (\u001b[22m\u001b[2m\u001b[0m\u001b[36m__tests__/integration/QualityRibbonDisplay.e2e.test.tsx\u001b[39m\u001b[0m\u001b[2m:459:14)\u001b[22m\u001b[2m\u001b[22m\n\u001b[2m      \u001b[2mat asyncGeneratorStep (\u001b[22m\u001b[2mnode_modules/@babel/runtime/helpers/asyncToGenerator.js\u001b[2m:3:17)\u001b[22m\u001b[2m\u001b[22m\n\u001b[2m      \u001b[2mat _next (\u001b[22m\u001b[2mnode_modules/@babel/runtime/helpers/asyncToGenerator.js\u001b[2m:17:9)\u001b[22m\u001b[2m\u001b[22m\n\u001b[2m      \u001b[2mat \u001b[22m\u001b[2mnode_modules/@babel/runtime/helpers/asyncToGenerator.js\u001b[2m:22:7\u001b[22m\u001b[2m\u001b[22m\n\u001b[2m      \u001b[2mat Object.<anonymous> (\u001b[22m\u001b[2mnode_modules/@babel/runtime/helpers/asyncToGenerator.js\u001b[2m:14:12)\u001b[22m\u001b[2m\u001b[22m\n\n\u001b[1m\u001b[31m  \u001b[1m● \u001b[22m\u001b[1mQuality Ribbon E2E Tests › 🎤 Voice Interaction Tests › [QR:smoke:e2e_voice] should show quality ribbon after voice analysis\u001b[39m\u001b[22m\n\n    TypeError: Cannot read properties of undefined (reading 'children')\n\u001b[2m\u001b[22m\n\u001b[2m    \u001b[0m \u001b[90m 484 |\u001b[39m\u001b[22m\n\u001b[2m     \u001b[90m 485 |\u001b[39m       \u001b[90m// Check voice-specific quality display\u001b[39m\u001b[22m\n\u001b[2m    \u001b[31m\u001b[1m>\u001b[22m\u001b[2m\u001b[39m\u001b[90m 486 |\u001b[39m       expect(queryByText(\u001b[32m'Fresh'\u001b[39m))\u001b[33m.\u001b[39mtoBeTruthy()\u001b[33m;\u001b[39m\u001b[22m\n\u001b[2m     \u001b[90m     |\u001b[39m              \u001b[31m\u001b[1m^\u001b[22m\u001b[2m\u001b[39m\u001b[22m\n\u001b[2m     \u001b[90m 487 |\u001b[39m       expect(queryByText(\u001b[32m'High'\u001b[39m))\u001b[33m.\u001b[39mtoBeTruthy()\u001b[33m;\u001b[39m\u001b[22m\n\u001b[2m     \u001b[90m 488 |\u001b[39m       expect(queryByText(\u001b[32m'n=1'\u001b[39m))\u001b[33m.\u001b[39mtoBeTruthy()\u001b[33m;\u001b[39m \u001b[90m// Single voice sample\u001b[39m\u001b[22m\n\u001b[2m     \u001b[90m 489 |\u001b[39m     })\u001b[33m;\u001b[39m\u001b[0m\u001b[22m\n\u001b[2m\u001b[22m\n\u001b[2m      \u001b[2mat children (\u001b[22m\u001b[2mnode_modules/@testing-library/react-native/src/helpers/find-all.ts\u001b[2m:48:8)\u001b[22m\u001b[2m\u001b[22m\n\u001b[2m      \u001b[2mat findAllInternal (\u001b[22m\u001b[2mnode_modules/@testing-library/react-native/src/helpers/find-all.ts\u001b[2m:24:19)\u001b[22m\u001b[2m\u001b[22m\n\u001b[2m      \u001b[2mat queryAllByTextFn (\u001b[22m\u001b[2mnode_modules/@testing-library/react-native/src/queries/text.ts\u001b[2m:22:19)\u001b[22m\u001b[2m\u001b[22m\n\u001b[2m      \u001b[2mat singleQueryFn (\u001b[22m\u001b[2mnode_modules/@testing-library/react-native/src/queries/make-queries.ts\u001b[2m:135:48)\u001b[22m\u001b[2m\u001b[22m\n\u001b[2m      \u001b[2mat Object.queryByText (\u001b[22m\u001b[2m\u001b[0m\u001b[36m__tests__/integration/QualityRibbonDisplay.e2e.test.tsx\u001b[39m\u001b[0m\u001b[2m:486:14)\u001b[22m\u001b[2m\u001b[22m\n\u001b[2m      \u001b[2mat asyncGeneratorStep (\u001b[22m\u001b[2mnode_modules/@babel/runtime/helpers/asyncToGenerator.js\u001b[2m:3:17)\u001b[22m\u001b[2m\u001b[22m\n\u001b[2m      \u001b[2mat _next (\u001b[22m\u001b[2mnode_modules/@babel/runtime/helpers/asyncToGenerator.js\u001b[2m:17:9)\u001b[22m\u001b[2m\u001b[22m\n\u001b[2m      \u001b[2mat \u001b[22m\u001b[2mnode_modules/@babel/runtime/helpers/asyncToGenerator.js\u001b[2m:22:7\u001b[22m\u001b[2m\u001b[22m\n\u001b[2m      \u001b[2mat Object.<anonymous> (\u001b[22m\u001b[2mnode_modules/@babel/runtime/helpers/asyncToGenerator.js\u001b[2m:14:12)\u001b[22m\u001b[2m\u001b[22m\n","name":"/Users/adilyoltay/Desktop/obsesslesmobilenew/obslessless-clean/__tests__/integration/QualityRibbonDisplay.e2e.test.tsx","startTime":1756124826981,"status":"failed","summary":""},{"assertionResults":[{"ancestorTitles":["Today Page - Quality Ribbon Integration","🔄 Fresh Pipeline Results"],"duration":7,"failureDetails":[],"failureMessages":[],"fullName":"Today Page - Quality Ribbon Integration 🔄 Fresh Pipeline Results [QR:today:fresh] should display Fresh source badge with immediate processing","invocations":1,"location":null,"numPassingAsserts":4,"retryReasons":[],"status":"passed","title":"[QR:today:fresh] should display Fresh source badge with immediate processing"},{"ancestorTitles":["Today Page - Quality Ribbon Integration","🔄 Fresh Pipeline Results"],"duration":1,"failureDetails":[],"failureMessages":[],"fullName":"Today Page - Quality Ribbon Integration 🔄 Fresh Pipeline Results [QR:today:fresh] should trigger cache invalidation for manual refresh","invocations":1,"location":null,"numPassingAsserts":2,"retryReasons":[],"status":"passed","title":"[QR:today:fresh] should trigger cache invalidation for manual refresh"},{"ancestorTitles":["Today Page - Quality Ribbon Integration","💾 Cache Behavior & TTL Transitions"],"duration":0,"failureDetails":[],"failureMessages":[],"fullName":"Today Page - Quality Ribbon Integration 💾 Cache Behavior & TTL Transitions [QR:today:cache] should transition from Fresh to Cache after TTL expires","invocations":1,"location":null,"numPassingAsserts":3,"retryReasons":[],"status":"passed","title":"[QR:today:cache] should transition from Fresh to Cache after TTL expires"},{"ancestorTitles":["Today Page - Quality Ribbon Integration","💾 Cache Behavior & TTL Transitions"],"duration":1,"failureDetails":[],"failureMessages":[],"fullName":"Today Page - Quality Ribbon Integration 💾 Cache Behavior & TTL Transitions [QR:today:cache] should show appropriate age badge for cached results","invocations":1,"location":null,"numPassingAsserts":2,"retryReasons":[],"status":"passed","title":"[QR:today:cache] should show appropriate age badge for cached results"},{"ancestorTitles":["Today Page - Quality Ribbon Integration","🚫 Quality Ribbon Hiding Conditions"],"duration":0,"failureDetails":[],"failureMessages":[],"fullName":"Today Page - Quality Ribbon Integration 🚫 Quality Ribbon Hiding Conditions [QR:today:hidden] should hide Quality Ribbon when no metadata is provided","invocations":1,"location":null,"numPassingAsserts":2,"retryReasons":[],"status":"passed","title":"[QR:today:hidden] should hide Quality Ribbon when no metadata is provided"},{"ancestorTitles":["Today Page - Quality Ribbon Integration","🚫 Quality Ribbon Hiding Conditions"],"duration":1,"failureDetails":[],"failureMessages":[],"fullName":"Today Page - Quality Ribbon Integration 🚫 Quality Ribbon Hiding Conditions [QR:today:hidden] should hide Quality Ribbon when pipeline processing fails","invocations":1,"location":null,"numPassingAsserts":1,"retryReasons":[],"status":"passed","title":"[QR:today:hidden] should hide Quality Ribbon when pipeline processing fails"},{"ancestorTitles":["Today Page - Quality Ribbon Integration","🔄 Quality Level Variations"],"duration":0,"failureDetails":[],"failureMessages":[],"fullName":"Today Page - Quality Ribbon Integration 🔄 Quality Level Variations should display correct quality badge for high scenario","invocations":1,"location":null,"numPassingAsserts":3,"retryReasons":[],"status":"passed","title":"should display correct quality badge for high scenario"},{"ancestorTitles":["Today Page - Quality Ribbon Integration","🔄 Quality Level Variations"],"duration":1,"failureDetails":[],"failureMessages":[],"fullName":"Today Page - Quality Ribbon Integration 🔄 Quality Level Variations should display correct quality badge for medium scenario","invocations":1,"location":null,"numPassingAsserts":3,"retryReasons":[],"status":"passed","title":"should display correct quality badge for medium scenario"},{"ancestorTitles":["Today Page - Quality Ribbon Integration","🔄 Quality Level Variations"],"duration":0,"failureDetails":[],"failureMessages":[],"fullName":"Today Page - Quality Ribbon Integration 🔄 Quality Level Variations should display correct quality badge for low scenario","invocations":1,"location":null,"numPassingAsserts":3,"retryReasons":[],"status":"passed","title":"should display correct quality badge for low scenario"},{"ancestorTitles":["Today Page - Quality Ribbon Integration","⚡ Heuristic Fallback Behavior"],"duration":1,"failureDetails":[],"failureMessages":[],"fullName":"Today Page - Quality Ribbon Integration ⚡ Heuristic Fallback Behavior should show heuristic source with immediate freshness","invocations":1,"location":null,"numPassingAsserts":3,"retryReasons":[],"status":"passed","title":"should show heuristic source with immediate freshness"},{"ancestorTitles":["Today Page - Quality Ribbon Integration","🧪 Test Mode Integration"],"duration":1,"failureDetails":[],"failureMessages":[],"fullName":"Today Page - Quality Ribbon Integration 🧪 Test Mode Integration should use TEST_TTL_MS for cache expiry in test mode","invocations":1,"location":null,"numPassingAsserts":4,"retryReasons":[],"status":"passed","title":"should use TEST_TTL_MS for cache expiry in test mode"}],"endTime":1756124827298,"message":"","name":"/Users/adilyoltay/Desktop/obsesslesmobilenew/obslessless-clean/__tests__/integration/TodayPageQualityRibbon.integration.test.tsx","startTime":1756124827269,"status":"passed","summary":""},{"assertionResults":[{"ancestorTitles":["OCD Page - Quality Ribbon Integration","[QR:ocd:fresh] Fresh Pipeline Results"],"duration":1,"failureDetails":[],"failureMessages":[],"fullName":"OCD Page - Quality Ribbon Integration [QR:ocd:fresh] Fresh Pipeline Results [QR:ocd:fresh] should display Fresh source badge with contamination pattern","invocations":1,"location":null,"numPassingAsserts":4,"retryReasons":[],"status":"passed","title":"[QR:ocd:fresh] should display Fresh source badge with contamination pattern"},{"ancestorTitles":["OCD Page - Quality Ribbon Integration","[QR:ocd:fresh] Fresh Pipeline Results"],"duration":0,"failureDetails":[],"failureMessages":[],"fullName":"OCD Page - Quality Ribbon Integration [QR:ocd:fresh] Fresh Pipeline Results [QR:ocd:fresh] should trigger invalidation for new compulsion event","invocations":1,"location":null,"numPassingAsserts":3,"retryReasons":[],"status":"passed","title":"[QR:ocd:fresh] should trigger invalidation for new compulsion event"},{"ancestorTitles":["OCD Page - Quality Ribbon Integration","[QR:ocd:cache] Cache Behavior & TTL Transitions"],"duration":1,"failureDetails":[],"failureMessages":[],"fullName":"OCD Page - Quality Ribbon Integration [QR:ocd:cache] Cache Behavior & TTL Transitions [QR:ocd:cache] should transition from Fresh to Cache after TTL expires","invocations":1,"location":null,"numPassingAsserts":4,"retryReasons":[],"status":"passed","title":"[QR:ocd:cache] should transition from Fresh to Cache after TTL expires"},{"ancestorTitles":["OCD Page - Quality Ribbon Integration","[QR:ocd:cache] Cache Behavior & TTL Transitions"],"duration":0,"failureDetails":[],"failureMessages":[],"fullName":"OCD Page - Quality Ribbon Integration [QR:ocd:cache] Cache Behavior & TTL Transitions [QR:ocd:cache] should show Cache badge for cached OCD pattern analysis","invocations":1,"location":null,"numPassingAsserts":3,"retryReasons":[],"status":"passed","title":"[QR:ocd:cache] should show Cache badge for cached OCD pattern analysis"},{"ancestorTitles":["OCD Page - Quality Ribbon Integration","[QR:ocd:hidden] Quality Ribbon Hiding Conditions"],"duration":2,"failureDetails":[],"failureMessages":[],"fullName":"OCD Page - Quality Ribbon Integration [QR:ocd:hidden] Quality Ribbon Hiding Conditions [QR:ocd:hidden] should hide when no OCD pattern data provided","invocations":1,"location":null,"numPassingAsserts":1,"retryReasons":[],"status":"passed","title":"[QR:ocd:hidden] should hide when no OCD pattern data provided"},{"ancestorTitles":["OCD Page - Quality Ribbon Integration","[QR:ocd:hidden] Quality Ribbon Hiding Conditions"],"duration":0,"failureDetails":[],"failureMessages":[],"fullName":"OCD Page - Quality Ribbon Integration [QR:ocd:hidden] Quality Ribbon Hiding Conditions [QR:ocd:hidden] should hide when OCD pipeline processing fails","invocations":1,"location":null,"numPassingAsserts":2,"retryReasons":[],"status":"passed","title":"[QR:ocd:hidden] should hide when OCD pipeline processing fails"},{"ancestorTitles":["OCD Page - Quality Ribbon Integration","[QR:ocd:hidden] Quality Ribbon Hiding Conditions"],"duration":1,"failureDetails":[],"failureMessages":[],"fullName":"OCD Page - Quality Ribbon Integration [QR:ocd:hidden] Quality Ribbon Hiding Conditions [QR:ocd:hidden] should hide when insufficient pattern data","invocations":1,"location":null,"numPassingAsserts":3,"retryReasons":[],"status":"passed","title":"[QR:ocd:hidden] should hide when insufficient pattern data"},{"ancestorTitles":["OCD Page - Quality Ribbon Integration","[QR:ocd:patterns] OCD Pattern Tests"],"duration":0,"failureDetails":[],"failureMessages":[],"fullName":"OCD Page - Quality Ribbon Integration [QR:ocd:patterns] OCD Pattern Tests [QR:ocd:contamination] should process contamination pattern (contamination fears and washing rituals)","invocations":1,"location":null,"numPassingAsserts":5,"retryReasons":[],"status":"passed","title":"[QR:ocd:contamination] should process contamination pattern (contamination fears and washing rituals)"},{"ancestorTitles":["OCD Page - Quality Ribbon Integration","[QR:ocd:patterns] OCD Pattern Tests"],"duration":0,"failureDetails":[],"failureMessages":[],"fullName":"OCD Page - Quality Ribbon Integration [QR:ocd:patterns] OCD Pattern Tests [QR:ocd:checking] should process checking pattern (doubt and repeated checking behaviors)","invocations":1,"location":null,"numPassingAsserts":5,"retryReasons":[],"status":"passed","title":"[QR:ocd:checking] should process checking pattern (doubt and repeated checking behaviors)"},{"ancestorTitles":["OCD Page - Quality Ribbon Integration","[QR:ocd:patterns] OCD Pattern Tests"],"duration":1,"failureDetails":[],"failureMessages":[],"fullName":"OCD Page - Quality Ribbon Integration [QR:ocd:patterns] OCD Pattern Tests [QR:ocd:symmetry] should process symmetry pattern (order, symmetry, and arranging compulsions)","invocations":1,"location":null,"numPassingAsserts":5,"retryReasons":[],"status":"passed","title":"[QR:ocd:symmetry] should process symmetry pattern (order, symmetry, and arranging compulsions)"},{"ancestorTitles":["OCD Page - Quality Ribbon Integration","[QR:ocd:quality] Quality Level Tests"],"duration":0,"failureDetails":[],"failureMessages":[],"fullName":"OCD Page - Quality Ribbon Integration [QR:ocd:quality] Quality Level Tests [QR:ocd:high] should show high quality for 5 days pattern data","invocations":1,"location":null,"numPassingAsserts":3,"retryReasons":[],"status":"passed","title":"[QR:ocd:high] should show high quality for 5 days pattern data"},{"ancestorTitles":["OCD Page - Quality Ribbon Integration","[QR:ocd:quality] Quality Level Tests"],"duration":1,"failureDetails":[],"failureMessages":[],"fullName":"OCD Page - Quality Ribbon Integration [QR:ocd:quality] Quality Level Tests [QR:ocd:medium] should show medium quality for 3 days pattern data","invocations":1,"location":null,"numPassingAsserts":3,"retryReasons":[],"status":"passed","title":"[QR:ocd:medium] should show medium quality for 3 days pattern data"},{"ancestorTitles":["OCD Page - Quality Ribbon Integration","[QR:ocd:quality] Quality Level Tests"],"duration":0,"failureDetails":[],"failureMessages":[],"fullName":"OCD Page - Quality Ribbon Integration [QR:ocd:quality] Quality Level Tests [QR:ocd:low] should show low quality for 1 days pattern data","invocations":1,"location":null,"numPassingAsserts":3,"retryReasons":[],"status":"passed","title":"[QR:ocd:low] should show low quality for 1 days pattern data"},{"ancestorTitles":["OCD Page - Quality Ribbon Integration","[QR:ocd:triggers] Trigger Recognition Tests"],"duration":0,"failureDetails":[],"failureMessages":[],"fullName":"OCD Page - Quality Ribbon Integration [QR:ocd:triggers] Trigger Recognition Tests [QR:ocd:triggers] should recognize contamination triggers for contamination","invocations":1,"location":null,"numPassingAsserts":5,"retryReasons":[],"status":"passed","title":"[QR:ocd:triggers] should recognize contamination triggers for contamination"},{"ancestorTitles":["OCD Page - Quality Ribbon Integration","[QR:ocd:triggers] Trigger Recognition Tests"],"duration":1,"failureDetails":[],"failureMessages":[],"fullName":"OCD Page - Quality Ribbon Integration [QR:ocd:triggers] Trigger Recognition Tests [QR:ocd:triggers] should recognize checking triggers for checking","invocations":1,"location":null,"numPassingAsserts":5,"retryReasons":[],"status":"passed","title":"[QR:ocd:triggers] should recognize checking triggers for checking"},{"ancestorTitles":["OCD Page - Quality Ribbon Integration","[QR:ocd:triggers] Trigger Recognition Tests"],"duration":0,"failureDetails":[],"failureMessages":[],"fullName":"OCD Page - Quality Ribbon Integration [QR:ocd:triggers] Trigger Recognition Tests [QR:ocd:triggers] should recognize symmetry triggers for symmetry","invocations":1,"location":null,"numPassingAsserts":5,"retryReasons":[],"status":"passed","title":"[QR:ocd:triggers] should recognize symmetry triggers for symmetry"},{"ancestorTitles":["OCD Page - Quality Ribbon Integration","[QR:ocd:resistance] Resistance Tracking Tests"],"duration":1,"failureDetails":[],"failureMessages":[],"fullName":"OCD Page - Quality Ribbon Integration [QR:ocd:resistance] Resistance Tracking Tests [QR:ocd:high] should show high quality for resistance attempts tracking","invocations":1,"location":null,"numPassingAsserts":6,"retryReasons":[],"status":"passed","title":"[QR:ocd:high] should show high quality for resistance attempts tracking"},{"ancestorTitles":["OCD Page - Quality Ribbon Integration","[QR:ocd:resistance] Resistance Tracking Tests"],"duration":0,"failureDetails":[],"failureMessages":[],"fullName":"OCD Page - Quality Ribbon Integration [QR:ocd:resistance] Resistance Tracking Tests [QR:ocd:medium] should handle partial resistance data","invocations":1,"location":null,"numPassingAsserts":2,"retryReasons":[],"status":"passed","title":"[QR:ocd:medium] should handle partial resistance data"},{"ancestorTitles":["OCD Page - Quality Ribbon Integration","[QR:ocd:testmode] Test Mode Integration"],"duration":0,"failureDetails":[],"failureMessages":[],"fullName":"OCD Page - Quality Ribbon Integration [QR:ocd:testmode] Test Mode Integration [QR:ocd:testmode] should respect TEST_TTL_MS for OCD cache","invocations":1,"location":null,"numPassingAsserts":4,"retryReasons":[],"status":"passed","title":"[QR:ocd:testmode] should respect TEST_TTL_MS for OCD cache"},{"ancestorTitles":["OCD Page - Quality Ribbon Integration","[QR:ocd:testmode] Test Mode Integration"],"duration":0,"failureDetails":[],"failureMessages":[],"fullName":"OCD Page - Quality Ribbon Integration [QR:ocd:testmode] Test Mode Integration [QR:ocd:testmode] should handle deterministic pattern generation","invocations":1,"location":null,"numPassingAsserts":3,"retryReasons":[],"status":"passed","title":"[QR:ocd:testmode] should handle deterministic pattern generation"},{"ancestorTitles":["OCD Page - Quality Ribbon Integration","[QR:ocd:testmode] Test Mode Integration"],"duration":1,"failureDetails":[],"failureMessages":[],"fullName":"OCD Page - Quality Ribbon Integration [QR:ocd:testmode] Test Mode Integration [QR:ocd:testmode] should use TEST_SEED_USER_ID consistently","invocations":1,"location":null,"numPassingAsserts":3,"retryReasons":[],"status":"passed","title":"[QR:ocd:testmode] should use TEST_SEED_USER_ID consistently"}],"endTime":1756124827329,"message":"","name":"/Users/adilyoltay/Desktop/obsesslesmobilenew/obslessless-clean/__tests__/integration/OCDQualityRibbon.integration.test.tsx","startTime":1756124827305,"status":"passed","summary":""},{"assertionResults":[{"ancestorTitles":["CBT Page - Quality Ribbon Integration","[QR:cbt:fresh] Fresh Pipeline Results"],"duration":1,"failureDetails":[],"failureMessages":[],"fullName":"CBT Page - Quality Ribbon Integration [QR:cbt:fresh] Fresh Pipeline Results [QR:cbt:fresh] should display Fresh source badge with CBT records","invocations":1,"location":null,"numPassingAsserts":4,"retryReasons":[],"status":"passed","title":"[QR:cbt:fresh] should display Fresh source badge with CBT records"},{"ancestorTitles":["CBT Page - Quality Ribbon Integration","[QR:cbt:fresh] Fresh Pipeline Results"],"duration":1,"failureDetails":[],"failureMessages":[],"fullName":"CBT Page - Quality Ribbon Integration [QR:cbt:fresh] Fresh Pipeline Results [QR:cbt:fresh] should trigger invalidation for new thought record","invocations":1,"location":null,"numPassingAsserts":3,"retryReasons":[],"status":"passed","title":"[QR:cbt:fresh] should trigger invalidation for new thought record"},{"ancestorTitles":["CBT Page - Quality Ribbon Integration","[QR:cbt:cache] Cache Behavior & TTL Transitions"],"duration":0,"failureDetails":[],"failureMessages":[],"fullName":"CBT Page - Quality Ribbon Integration [QR:cbt:cache] Cache Behavior & TTL Transitions [QR:cbt:cache] should transition from Fresh to Cache after TTL expires","invocations":1,"location":null,"numPassingAsserts":4,"retryReasons":[],"status":"passed","title":"[QR:cbt:cache] should transition from Fresh to Cache after TTL expires"},{"ancestorTitles":["CBT Page - Quality Ribbon Integration","[QR:cbt:cache] Cache Behavior & TTL Transitions"],"duration":0,"failureDetails":[],"f
[...]
BT Page - Quality Ribbon Integration [QR:cbt:testmode] Test Mode Integration [QR:cbt:testmode] should handle CBT pipeline stub mode","invocations":1,"location":null,"numPassingAsserts":4,"retryReasons":[],"status":"passed","title":"[QR:cbt:testmode] should handle CBT pipeline stub mode"}],"endTime":1756124827355,"message":"","name":"/Users/adilyoltay/Desktop/obsesslesmobilenew/obslessless-clean/__tests__/integration/CBTQualityRibbon.integration.test.tsx","startTime":1756124827334,"status":"passed","summary":""},{"assertionResults":[{"ancestorTitles":["Tracking Page - Quality Ribbon Integration","[QR:tracking:fresh] Fresh Pipeline Results"],"duration":1,"failureDetails":[],"failureMessages":[],"fullName":"Tracking Page - Quality Ribbon Integration [QR:tracking:fresh] Fresh Pipeline Results [QR:tracking:fresh] should display Fresh source badge with compulsion data","invocations":1,"location":null,"numPassingAsserts":4,"retryReasons":[],"status":"passed","title":"[QR:tracking:fresh] should display Fresh source badge with compulsion data"},{"ancestorTitles":["Tracking Page - Quality Ribbon Integration","[QR:tracking:fresh] Fresh Pipeline Results"],"duration":1,"failureDetails":[],"failureMessages":[],"fullName":"Tracking Page - Quality Ribbon Integration [QR:tracking:fresh] Fresh Pipeline Results [QR:tracking:fresh] should trigger cache invalidation for new compulsion","invocations":1,"location":null,"numPassingAsserts":3,"retryReasons":[],"status":"passed","title":"[QR:tracking:fresh] should trigger cache invalidation for new compulsion"},{"ancestorTitles":["Tracking Page - Quality Ribbon Integration","[QR:tracking:cache] Cache Behavior & TTL Transitions"],"duration":0,"failureDetails":[],"failureMessages":[],"fullName":"Tracking Page - Quality Ribbon Integration [QR:tracking:cache] Cache Behavior & TTL Transitions [QR:tracking:cache] should transition from Fresh to Cache after TTL expires","invocations":1,"location":null,"numPassingAsserts":4,"retryReasons":[],"status":"passed","title":"[QR:tracking:cache] should transition from Fresh to Cache after TTL expires"},{"ancestorTitles":["Tracking Page - Quality Ribbon Integration","[QR:tracking:cache] Cache Behavior & TTL Transitions"],"duration":1,"failureDetails":[],"failureMessages":[],"fullName":"Tracking Page - Quality Ribbon Integration [QR:tracking:cache] Cache Behavior & TTL Transitions [QR:tracking:cache] should show appropriate age badge for cached results","invocations":1,"location":null,"numPassingAsserts":2,"retryReasons":[],"status":"passed","title":"[QR:tracking:cache] should show appropriate age badge for cached results"},{"ancestorTitles":["Tracking Page - Quality Ribbon Integration","[QR:tracking:hidden] Quality Ribbon Hiding Conditions"],"duration":0,"failureDetails":[],"failureMessages":[],"fullName":"Tracking Page - Quality Ribbon Integration [QR:tracking:hidden] Quality Ribbon Hiding Conditions [QR:tracking:hidden] should hide when no compulsion data provided","invocations":1,"location":null,"numPassingAsserts":1,"retryReasons":[],"status":"passed","title":"[QR:tracking:hidden] should hide when no compulsion data provided"},{"ancestorTitles":["Tracking Page - Quality Ribbon Integration","[QR:tracking:hidden] Quality Ribbon Hiding Conditions"],"duration":0,"failureDetails":[],"failureMessages":[],"fullName":"Tracking Page - Quality Ribbon Integration [QR:tracking:hidden] Quality Ribbon Hiding Conditions [QR:tracking:hidden] should hide when pipeline processing fails","invocations":1,"location":null,"numPassingAsserts":2,"retryReasons":[],"status":"passed","title":"[QR:tracking:hidden] should hide when pipeline processing fails"},{"ancestorTitles":["Tracking Page - Quality Ribbon Integration","[QR:tracking:hidden] Quality Ribbon Hiding Conditions"],"duration":0,"failureDetails":[],"failureMessages":[],"fullName":"Tracking Page - Quality Ribbon Integration [QR:tracking:hidden] Quality Ribbon Hiding Conditions [QR:tracking:hidden] should hide when insufficient compulsion data","invocations":1,"location":null,"numPassingAsserts":3,"retryReasons":[],"status":"passed","title":"[QR:tracking:hidden] should hide when insufficient compulsion data"},{"ancestorTitles":["Tracking Page - Quality Ribbon Integration","[QR:tracking:quality] Quality Level Tests"],"duration":1,"failureDetails":[],"failureMessages":[],"fullName":"Tracking Page - Quality Ribbon Integration [QR:tracking:quality] Quality Level Tests [QR:tracking:high] should show high quality for 5d×3/day data","invocations":1,"location":null,"numPassingAsserts":3,"retryReasons":[],"status":"passed","title":"[QR:tracking:high] should show high quality for 5d×3/day data"},{"ancestorTitles":["Tracking Page - Quality Ribbon Integration","[QR:tracking:quality] Quality Level Tests"],"duration":0,"failureDetails":[],"failureMessages":[],"fullName":"Tracking Page - Quality Ribbon Integration [QR:tracking:quality] Quality Level Tests [QR:tracking:medium] should show medium quality for 3d×2/day data","invocations":1,"location":null,"numPassingAsserts":3,"retryReasons":[],"status":"passed","title":"[QR:tracking:medium] should show medium quality for 3d×2/day data"},{"ancestorTitles":["Tracking Page - Quality Ribbon Integration","[QR:tracking:quality] Quality Level Tests"],"duration":0,"failureDetails":[],"failureMessages":[],"fullName":"Tracking Page - Quality Ribbon Integration [QR:tracking:quality] Quality Level Tests [QR:tracking:low] should show low quality for 1d×2/day data","invocations":1,"location":null,"numPassingAsserts":3,"retryReasons":[],"status":"passed","title":"[QR:tracking:low] should show low quality for 1d×2/day data"},{"ancestorTitles":["Tracking Page - Quality Ribbon Integration","[QR:tracking:categories] Compulsion Category Tests"],"duration":1,"failureDetails":[],"failureMessages":[],"fullName":"Tracking Page - Quality Ribbon Integration [QR:tracking:categories] Compulsion Category Tests [QR:tracking:category] should handle contamination compulsion category","invocations":1,"location":null,"numPassingAsserts":4,"retryReasons":[],"status":"passed","title":"[QR:tracking:category] should handle contamination compulsion category"},{"ancestorTitles":["Tracking Page - Quality Ribbon Integration","[QR:tracking:categories] Compulsion Category Tests"],"duration":0,"failureDetails":[],"failureMessages":[],"fullName":"Tracking Page - Quality Ribbon Integration [QR:tracking:categories] Compulsion Category Tests [QR:tracking:category] should handle checking compulsion category","invocations":1,"location":null,"numPassingAsserts":4,"retryReasons":[],"status":"passed","title":"[QR:tracking:category] should handle checking compulsion category"},{"ancestorTitles":["Tracking Page - Quality Ribbon Integration","[QR:tracking:categories] Compulsion Category Tests"],"duration":0,"failureDetails":[],"failureMessages":[],"fullName":"Tracking Page - Quality Ribbon Integration [QR:tracking:categories] Compulsion Category Tests [QR:tracking:category] should handle symmetry compulsion category","invocations":1,"location":null,"numPassingAsserts":4,"retryReasons":[],"status":"passed","title":"[QR:tracking:category] should handle symmetry compulsion category"},{"ancestorTitles":["Tracking Page - Quality Ribbon Integration","[QR:tracking:testmode] Test Mode Integration"],"duration":0,"failureDetails":[],"failureMessages":[],"fullName":"Tracking Page - Quality Ribbon Integration [QR:tracking:testmode] Test Mode Integration [QR:tracking:testmode] should respect TEST_TTL_MS for tracking cache","invocations":1,"location":null,"numPassingAsserts":4,"retryReasons":[],"status":"passed","title":"[QR:tracking:testmode] should respect TEST_TTL_MS for tracking cache"},{"ancestorTitles":["Tracking Page - Quality Ribbon Integration","[QR:tracking:testmode] Test Mode Integration"],"duration":1,"failureDetails":[],"failureMessages":[],"fullName":"Tracking Page - Quality Ribbon Integration [QR:tracking:testmode] Test Mode Integration [QR:tracking:testmode] should use deterministic user ID","invocations":1,"location":null,"numPassingAsserts":3,"retryReasons":[],"status":"passed","title":"[QR:tracking:testmode] should use deterministic user ID"}],"endTime":1756124827378,"message":"","name":"/Users/adilyoltay/Desktop/obsesslesmobilenew/obslessless-clean/__tests__/integration/TrackingQualityRibbon.integration.test.tsx","startTime":1756124827358,"status":"passed","summary":""},{"assertionResults":[{"ancestorTitles":["Mood Page Quality Ribbon - Simplified Tests","[QR:mood:threshold] N-Threshold Quality Tests"],"duration":0,"failureDetails":[],"failureMessages":[],"fullName":"Mood Page Quality Ribbon - Simplified Tests [QR:mood:threshold] N-Threshold Quality Tests [QR:mood:high] should show High quality for 16 days of data","invocations":1,"location":null,"numPassingAsserts":2,"retryReasons":[],"status":"passed","title":"[QR:mood:high] should show High quality for 16 days of data"},{"ancestorTitles":["Mood Page Quality Ribbon - Simplified Tests","[QR:mood:threshold] N-Threshold Quality Tests"],"duration":0,"failureDetails":[],"failureMessages":[],"fullName":"Mood Page Quality Ribbon - Simplified Tests [QR:mood:threshold] N-Threshold Quality Tests [QR:mood:medium] should show Med quality for 10 days of data","invocations":1,"location":null,"numPassingAsserts":2,"retryReasons":[],"status":"passed","title":"[QR:mood:medium] should show Med quality for 10 days of data"},{"ancestorTitles":["Mood Page Quality Ribbon - Simplified Tests","[QR:mood:threshold] N-Threshold Quality Tests"],"duration":0,"failureDetails":[],"failureMessages":[],"fullName":"Mood Page Quality Ribbon - Simplified Tests [QR:mood:threshold] N-Threshold Quality Tests [QR:mood:low] should show Low quality for 4 days of data","invocations":1,"location":null,"numPassingAsserts":2,"retryReasons":[],"status":"passed","title":"[QR:mood:low] should show Low quality for 4 days of data"},{"ancestorTitles":["Mood Page Quality Ribbon - Simplified Tests","[QR:mood:threshold] N-Threshold Quality Tests"],"duration":0,"failureDetails":[],"failureMessages":[],"fullName":"Mood Page Quality Ribbon - Simplified Tests [QR:mood:threshold] N-Threshold Quality Tests [QR:mood:medium] should handle boundary at exactly 7 days","invocations":1,"location":null,"numPassingAsserts":1,"retryReasons":[],"status":"passed","title":"[QR:mood:medium] should handle boundary at exactly 7 days"},{"ancestorTitles":["Mood Page Quality Ribbon - Simplified Tests","[QR:mood:threshold] N-Threshold Quality Tests"],"duration":0,"failureDetails":[],"failureMessages":[],"fullName":"Mood Page Quality Ribbon - Simplified Tests [QR:mood:threshold] N-Threshold Quality Tests [QR:mood:high] should handle boundary at exactly 14 days","invocations":1,"location":null,"numPassingAsserts":1,"retryReasons":[],"status":"passed","title":"[QR:mood:high] should handle boundary at exactly 14 days"},{"ancestorTitles":["Mood Page Quality Ribbon - Simplified Tests","[QR:mood:cache] Cache Behavior Tests"],"duration":0,"failureDetails":[],"failureMessages":[],"fullName":"Mood Page Quality Ribbon - Simplified Tests [QR:mood:cache] Cache Behavior Tests [QR:mood:cache] should transition from Fresh to Cache based on TTL","invocations":1,"location":null,"numPassingAsserts":4,"retryReasons":[],"status":"passed","title":"[QR:mood:cache] should transition from Fresh to Cache based on TTL"},{"ancestorTitles":["Mood Page Quality Ribbon - Simplified Tests","[QR:mood:cache] Cache Behavior Tests"],"duration":0,"failureDetails":[],"failureMessages":[],"fullName":"Mood Page Quality Ribbon - Simplified Tests [QR:mood:cache] Cache Behavior Tests [QR:mood:cache] should show Cache badge for cached mood data","invocations":1,"location":null,"numPassingAsserts":2,"retryReasons":[],"status":"passed","title":"[QR:mood:cache] should show Cache badge for cached mood data"},{"ancestorTitles":["Mood Page Quality Ribbon - Simplified Tests","[QR:mood:hidden] Visibility Tests"],"duration":0,"failureDetails":[],"failureMessages":[],"fullName":"Mood Page Quality Ribbon - Simplified Tests [QR:mood:hidden] Visibility Tests [QR:mood:hidden] should hide when metadata is missing","invocations":1,"location":null,"numPassingAsserts":1,"retryReasons":[],"status":"passed","title":"[QR:mood:hidden] should hide when metadata is missing"},{"ancestorTitles":["Mood Page Quality Ribbon - Simplified Tests","[QR:mood:hidden] Visibility Tests"],"duration":0,"failureDetails":[],"failureMessages":[],"fullName":"Mood Page Quality Ribbon - Simplified Tests [QR:mood:hidden] Visibility Tests [QR:mood:hidden] should hide when pipeline fails","invocations":1,"location":null,"numPassingAsserts":2,"retryReasons":[],"status":"passed","title":"[QR:mood:hidden] should hide when pipeline fails"},{"ancestorTitles":["Mood Page Quality Ribbon - Simplified Tests","[QR:mood:analytics] Analytics Integration Tests"],"duration":0,"failureDetails":[],"failureMessages":[],"fullName":"Mood Page Quality Ribbon - Simplified Tests [QR:mood:analytics] Analytics Integration Tests [QR:mood:high] should include mood analytics in quality calculation","invocations":1,"location":null,"numPassingAsserts":2,"retryReasons":[],"status":"passed","title":"[QR:mood:high] should include mood analytics in quality calculation"},{"ancestorTitles":["Mood Page Quality Ribbon - Simplified Tests","[QR:mood:analytics] Analytics Integration Tests"],"duration":1,"failureDetails":[],"failureMessages":[],"fullName":"Mood Page Quality Ribbon - Simplified Tests [QR:mood:analytics] Analytics Integration Tests [QR:mood:low] should handle sparse mood data correctly","invocations":1,"location":null,"numPassingAsserts":2,"retryReasons":[],"status":"passed","title":"[QR:mood:low] should handle sparse mood data correctly"},{"ancestorTitles":["Mood Page Quality Ribbon - Simplified Tests","[QR:mood:testmode] Test Mode Behavior"],"duration":0,"failureDetails":[],"failureMessages":[],"fullName":"Mood Page Quality Ribbon - Simplified Tests [QR:mood:testmode] Test Mode Behavior [QR:mood:testmode] should respect TEST_TTL_MS for mood cache","invocations":1,"location":null,"numPassingAsserts":3,"retryReasons":[],"status":"passed","title":"[QR:mood:testmode] should respect TEST_TTL_MS for mood cache"}],"endTime":1756124827396,"message":"","name":"/Users/adilyoltay/Desktop/obsesslesmobilenew/obslessless-clean/__tests__/integration/MoodPageAIPipeline.simple.test.tsx","startTime":1756124827382,"status":"passed","summary":""},{"assertionResults":[{"ancestorTitles":["Today Page Quality Ribbon - Simplified Tests","[QR:today:fresh] Fresh Source Tests"],"duration":0,"failureDetails":[],"failureMessages":[],"fullName":"Today Page Quality Ribbon - Simplified Tests [QR:today:fresh] Fresh Source Tests [QR:today:fresh] should create Fresh badge props correctly","invocations":1,"location":null,"numPassingAsserts":4,"retryReasons":[],"status":"passed","title":"[QR:today:fresh] should create Fresh badge props correctly"},{"ancestorTitles":["Today Page Quality Ribbon - Simplified Tests","[QR:today:fresh] Fresh Source Tests"],"duration":0,"failureDetails":[],"failureMessages":[],"fullName":"Today Page Quality Ribbon - Simplified Tests [QR:today:fresh] Fresh Source Tests [QR:today:fresh] should handle cache invalidation scenario","invocations":1,"location":null,"numPassingAsserts":1,"retryReasons":[],"status":"passed","title":"[QR:today:fresh] should handle cache invalidation scenario"},{"ancestorTitles":["Today Page Quality Ribbon - Simplified Tests","[QR:today:cache] Cache Behavior Tests"],"duration":0,"failureDetails":[],"failureMessages":[],"fullName":"Today Page Quality Ribbon - Simplified Tests [QR:today:cache] Cache Behavior Tests [QR:today:cache] should transition from Fresh to Cache after TTL","invocations":1,"location":null,"numPassingAsserts":4,"retryReasons":[],"status":"passed","title":"[QR:today:cache] should transition from Fresh to Cache after TTL"},{"ancestorTitles":["Today Page Quality Ribbon - Simplified Tests","[QR:today:cache] Cache Behavior Tests"],"duration":1,"failureDetails":[],"failureMessages":[],"fullName":"Today Page Quality Ribbon - Simplified Tests [QR:today:cache] Cache Behavior Tests [QR:today:cache] should show appropriate age for cached results","invocations":1,"location":null,"numPassingAsserts":2,"retryReasons":[],"status":"passed","title":"[QR:today:cache] should show appropriate age for cached results"},{"ancestorTitles":["Today Page Quality Ribbon - Simplified Tests","[QR:today:hidden] Hiding Conditions Tests"],"duration":0,"failureDetails":[],"failureMessages":[],"fullName":"Today Page Quality Ribbon - Simplified Tests [QR:today:hidden] Hiding Conditions Tests [QR:today:hidden] should hide when no metadata provided","invocations":1,"location":null,"numPassingAsserts":1,"retryReasons":[],"status":"passed","title":"[QR:today:hidden] should hide when no metadata provided"},{"ancestorTitles":["Today Page Quality Ribbon - Simplified Tests","[QR:today:hidden] Hiding Conditions Tests"],"duration":0,"failureDetails":[],"failureMessages":[],"fullName":"Today Page Quality Ribbon - Simplified Tests [QR:today:hidden] Hiding Conditions Tests [QR:today:hidden] should hide when pipeline fails","invocations":1,"location":null,"numPassingAsserts":2,"retryReasons":[],"status":"passed","title":"[QR:today:hidden] should hide when pipeline fails"},{"ancestorTitles":["Today Page Quality Ribbon - Simplified Tests","[QR:today:quality] Quality Level Tests"],"duration":0,"failureDetails":[],"failureMessages":[],"fullName":"Today Page Quality Ribbon - Simplified Tests [QR:today:quality] Quality Level Tests [QR:today:quality] should handle high quality with n=16","invocations":1,"location":null,"numPassingAsserts":3,"retryReasons":[],"status":"passed","title":"[QR:today:quality] should handle high quality with n=16"},{"ancestorTitles":["Today Page Quality Ribbon - Simplified Tests","[QR:today:quality] Quality Level Tests"],"duration":0,"failureDetails":[],"failureMessages":[],"fullName":"Today Page Quality Ribbon - Simplified Tests [QR:today:quality] Quality Level Tests [QR:today:quality] should handle medium quality with n=10","invocations":1,"location":null,"numPassingAsserts":3,"retryReasons":[],"status":"passed","title":"[QR:today:quality] should handle medium quality with n=10"},{"ancestorTitles":["Today Page Quality Ribbon - Simplified Tests","[QR:today:quality] Quality Level Tests"],"duration":0,"failureDetails":[],"failureMessages":[],"fullName":"Today Page Quality Ribbon - Simplified Tests [QR:today:quality] Quality Level Tests [QR:today:quality] should handle low quality with n=4","invocations":1,"location":null,"numPassingAsserts":3,"retryReasons":[],"status":"passed","title":"[QR:today:quality] should handle low quality with n=4"},{"ancestorTitles":["Today Page Quality Ribbon - Simplified Tests","[QR:today:heuristic] Heuristic Fallback Tests"],"duration":0,"failureDetails":[],"failureMessages":[],"fullName":"Today Page Quality Ribbon - Simplified Tests [QR:today:heuristic] Heuristic Fallback Tests [QR:today:heuristic] should show Fast badge for heuristic source","invocations":1,"location":null,"numPassingAsserts":3,"retryReasons":[],"status":"passed","title":"[QR:today:heuristic] should show Fast badge for heuristic source"},{"ancestorTitles":["Today Page Quality Ribbon - Simplified Tests","[QR:today:testmode] Test Mode Integration"],"duration":0,"failureDetails":[],"failureMessages":[],"fullName":"Today Page Quality Ribbon - Simplified Tests [QR:today:testmode] Test Mode Integration [QR:today:testmode] should respect TEST_TTL_MS environment variable","invocations":1,"location":null,"numPassingAsserts":3,"retryReasons":[],"status":"passed","title":"[QR:today:testmode] should respect TEST_TTL_MS environment variable"}],"endTime":1756124827414,"message":"","name":"/Users/adilyoltay/Desktop/obsesslesmobilenew/obslessless-clean/__tests__/integration/TodayPageQualityRibbon.simple.test.tsx","startTime":1756124827398,"status":"passed","summary":""}],"wasInterrupted":false}
