{"numFailedTestSuites":2,"numFailedTests":2,"numPassedTestSuites":0,"numPassedTests":2,"numPendingTestSuites":0,"numPendingTests":0,"numRuntimeErrorTestSuites":0,"numTodoTests":0,"numTotalTestSuites":2,"numTotalTests":4,"openHandles":[],"snapshot":{"added":0,"didUpdate":false,"failure":false,"filesAdded":0,"filesRemoved":0,"filesRemovedList":[],"filesUnmatched":0,"filesUpdated":0,"matched":0,"total":0,"unchecked":0,"uncheckedKeysByFile":[],"unmatched":0,"updated":0},"startTime":1756135799650,"success":false,"testResults":[{"assertionResults":[{"ancestorTitles":["Live Telemetry Supabase"],"duration":2483,"failureDetails":[{"matcherResult":{"actual":false,"expected":true,"message":"\u001b[2mexpect(\u001b[22m\u001b[31mreceived\u001b[39m\u001b[2m).\u001b[22mtoBe\u001b[2m(\u001b[22m\u001b[32mexpected\u001b[39m\u001b[2m) // Object.is equality\u001b[22m\n\nExpected: \u001b[32mtrue\u001b[39m\nReceived: \u001b[31mfalse\u001b[39m","name":"toBe","pass":false}}],"failureMessages":["Error: \u001b[2mexpect(\u001b[22m\u001b[31mreceived\u001b[39m\u001b[2m).\u001b[22mtoBe\u001b[2m(\u001b[22m\u001b[32mexpected\u001b[39m\u001b[2m) // Object.is equality\u001b[22m\n\nExpected: \u001b[32mtrue\u001b[39m\nReceived: \u001b[31mfalse\u001b[39m\n    at Object.toBe (/Users/adilyoltay/Desktop/obsesslesmobilenew/obslessless-clean/__tests__/live/LiveTelemetrySupabase.spec.ts:58:70)\n    at Generator.next (<anonymous>)\n    at asyncGeneratorStep (/Users/adilyoltay/Desktop/obsesslesmobilenew/obslessless-clean/node_modules/@babel/runtime/helpers/asyncToGenerator.js:3:17)\n    at _next (/Users/adilyoltay/Desktop/obsesslesmobilenew/obslessless-clean/node_modules/@babel/runtime/helpers/asyncToGenerator.js:17:9)"],"fullName":"Live Telemetry Supabase [QRlive:telemetry:started] and [QRlive:telemetry:completed] are recorded","invocations":1,"location":null,"numPassingAsserts":1,"retryReasons":[],"status":"failed","title":"[QRlive:telemetry:started] and [QRlive:telemetry:completed] are recorded"}],"endTime":1756135803874,"message":"\u001b[1m\u001b[31m  \u001b[1m● \u001b[22m\u001b[1mLive Telemetry Supabase › [QRlive:telemetry:started] and [QRlive:telemetry:completed] are recorded\u001b[39m\u001b[22m\n\n    \u001b[2mexpect(\u001b[22m\u001b[31mreceived\u001b[39m\u001b[2m).\u001b[22mtoBe\u001b[2m(\u001b[22m\u001b[32mexpected\u001b[39m\u001b[2m) // Object.is equality\u001b[22m\n\n    Expected: \u001b[32mtrue\u001b[39m\n    Received: \u001b[31mfalse\u001b[39m\n\u001b[2m\u001b[22m\n\u001b[2m    \u001b[0m \u001b[90m 56 |\u001b[39m     expect(error)\u001b[33m.\u001b[39mtoBeNull()\u001b[33m;\u001b[39m\u001b[22m\n\u001b[2m     \u001b[90m 57 |\u001b[39m     \u001b[36mconst\u001b[39m events \u001b[33m=\u001b[39m (data \u001b[33m||\u001b[39m [])\u001b[33m.\u001b[39mmap(r \u001b[33m=>\u001b[39m \u001b[33mString\u001b[39m((r \u001b[36mas\u001b[39m any)\u001b[33m.\u001b[39mevent_type))\u001b[33m;\u001b[39m\u001b[22m\n\u001b[2m    \u001b[31m\u001b[1m>\u001b[22m\u001b[2m\u001b[39m\u001b[90m 58 |\u001b[39m     expect(events\u001b[33m.\u001b[39msome(e \u001b[33m=>\u001b[39m e\u001b[33m.\u001b[39mincludes(\u001b[32m'unified_pipeline_started'\u001b[39m)))\u001b[33m.\u001b[39mtoBe(\u001b[36mtrue\u001b[39m)\u001b[33m;\u001b[39m\u001b[22m\n\u001b[2m     \u001b[90m    |\u001b[39m                                                                      \u001b[31m\u001b[1m^\u001b[22m\u001b[2m\u001b[39m\u001b[22m\n\u001b[2m     \u001b[90m 59 |\u001b[39m     expect(events\u001b[33m.\u001b[39msome(e \u001b[33m=>\u001b[39m e\u001b[33m.\u001b[39mincludes(\u001b[32m'unified_pipeline_completed'\u001b[39m)))\u001b[33m.\u001b[39mtoBe(\u001b[36mtrue\u001b[39m)\u001b[33m;\u001b[39m\u001b[22m\n\u001b[2m     \u001b[90m 60 |\u001b[39m   })\u001b[33m;\u001b[39m\u001b[22m\n\u001b[2m     \u001b[90m 61 |\u001b[39m })\u001b[33m;\u001b[39m\u001b[0m\u001b[22m\n\u001b[2m\u001b[22m\n\u001b[2m      \u001b[2mat Object.toBe (\u001b[22m\u001b[2m\u001b[0m\u001b[36m__tests__/live/LiveTelemetrySupabase.spec.ts\u001b[39m\u001b[0m\u001b[2m:58:70)\u001b[22m\u001b[2m\u001b[22m\n\u001b[2m      \u001b[2mat asyncGeneratorStep (\u001b[22m\u001b[2mnode_modules/@babel/runtime/helpers/asyncToGenerator.js\u001b[2m:3:17)\u001b[22m\u001b[2m\u001b[22m\n\u001b[2m      \u001b[2mat _next (\u001b[22m\u001b[2mnode_modules/@babel/runtime/helpers/asyncToGenerator.js\u001b[2m:17:9)\u001b[22m\u001b[2m\u001b[22m\n","name":"/Users/adilyoltay/Desktop/obsesslesmobilenew/obslessless-clean/__tests__/live/LiveTelemetrySupabase.spec.ts","startTime":1756135799730,"status":"failed","summary":""},{"assertionResults":[{"ancestorTitles":["Live Today Supabase"],"duration":2458,"failureDetails":[{"matcherResult":{"message":"\u001b[2mexpect(\u001b[22m\u001b[31mreceived\u001b[39m\u001b[2m).\u001b[22mtoBeGreaterThan\u001b[2m(\u001b[22m\u001b[32mexpected\u001b[39m\u001b[2m)\u001b[22m\n\nExpected: > \u001b[32m0\u001b[39m\nReceived:   \u001b[31m0\u001b[39m","pass":false}}],"failureMessages":["Error: \u001b[2mexpect(\u001b[22m\u001b[31mreceived\u001b[39m\u001b[2m).\u001b[22mtoBeGreaterThan\u001b[2m(\u001b[22m\u001b[32mexpected\u001b[39m\u001b[2m)\u001b[22m\n\nExpected: > \u001b[32m0\u001b[39m\nReceived:   \u001b[31m0\u001b[39m\n    at Object.toBeGreaterThan (/Users/adilyoltay/Desktop/obsesslesmobilenew/obslessless-clean/__tests__/live/LiveTodaySupabase.spec.ts:60:33)\n    at Generator.next (<anonymous>)\n    at asyncGeneratorStep (/Users/adilyoltay/Desktop/obsesslesmobilenew/obslessless-clean/node_modules/@babel/runtime/helpers/asyncToGenerator.js:3:17)\n    at _next (/Users/adilyoltay/Desktop/obsesslesmobilenew/obslessless-clean/node_modules/@babel/runtime/helpers/asyncToGenerator.js:17:9)"],"fullName":"Live Today Supabase [QRlive:today:fresh] writes ai_cache on fresh run","invocations":1,"location":null,"numPassingAsserts":1,"retryReasons":[],"status":"failed","title":"[QRlive:today:fresh] writes ai_cache on fresh run"},{"ancestorTitles":["Live Today Supabase"],"duration":130,"failureDetails":[],"failureMessages":[],"fullName":"Live Today Supabase [QRlive:today:cache] reads from cache on second run","invocations":1,"location":null,"numPassingAsserts":1,"retryReasons":[],"status":"passed","title":"[QRlive:today:cache] reads from cache on second run"},{"ancestorTitles":["Live Today Supabase"],"duration":221,"failureDetails":[],"failureMessages":[],"fullName":"Live Today Supabase [QRlive:today:invalidate] deletes ai_cache rows on invalidation","invocations":1,"location":null,"numPassingAsserts":2,"retryReasons":[],"status":"passed","title":"[QRlive:today:invalidate] deletes ai_cache rows on invalidation"}],"endTime":1756135804212,"message":"\u001b[1m\u001b[31m  \u001b[1m● \u001b[22m\u001b[1mLive Today Supabase › [QRlive:today:fresh] writes ai_cache on fresh run\u001b[39m\u001b[22m\n\n    \u001b[2mexpect(\u001b[22m\u001b[31mreceived\u001b[39m\u001b[2m).\u001b[22mtoBeGreaterThan\u001b[2m(\u001b[22m\u001b[32mexpected\u001b[39m\u001b[2m)\u001b[22m\n\n    Expected: > \u001b[32m0\u001b[39m\n    Received:   \u001b[31m0\u001b[39m\n\u001b[2m\u001b[22m\n\u001b[2m    \u001b[0m \u001b[90m 58 |\u001b[39m     }\u001b[22m\n\u001b[2m     \u001b[90m 59 |\u001b[39m     expect(error)\u001b[33m.\u001b[39mtoBeNull()\u001b[33m;\u001b[39m\u001b[22m\n\u001b[2m    \u001b[31m\u001b[1m>\u001b[22m\u001b[2m\u001b[39m\u001b[90m 60 |\u001b[39m     expect((data \u001b[33m||\u001b[39m [])\u001b[33m.\u001b[39mlength)\u001b[33m.\u001b[39mtoBeGreaterThan(\u001b[35m0\u001b[39m)\u001b[33m;\u001b[39m\u001b[22m\n\u001b[2m     \u001b[90m    |\u001b[39m                                 \u001b[31m\u001b[1m^\u001b[22m\u001b[2m\u001b[39m\u001b[22m\n\u001b[2m     \u001b[90m 61 |\u001b[39m   })\u001b[33m;\u001b[39m\u001b[22m\n\u001b[2m     \u001b[90m 62 |\u001b[39m\u001b[22m\n\u001b[2m     \u001b[90m 63 |\u001b[39m   it(\u001b[32m'[QRlive:today:cache] reads from cache on second run'\u001b[39m\u001b[33m,\u001b[39m \u001b[36masync\u001b[39m () \u001b[33m=>\u001b[39m {\u001b[0m\u001b[22m\n\u001b[2m\u001b[22m\n\u001b[2m      \u001b[2mat Object.toBeGreaterThan (\u001b[22m\u001b[2m\u001b[0m\u001b[36m__tests__/live/LiveTodaySupabase.spec.ts\u001b[39m\u001b[0m\u001b[2m:60:33)\u001b[22m\u001b[2m\u001b[22m\n\u001b[2m      \u001b[2mat asyncGeneratorStep (\u001b[22m\u001b[2mnode_modules/@babel/runtime/helpers/asyncToGenerator.js\u001b[2m:3:17)\u001b[22m\u001b[2m\u001b[22m\n\u001b[2m      \u001b[2mat _next (\u001b[22m\u001b[2mnode_modules/@babel/runtime/helpers/asyncToGenerator.js\u001b[2m:17:9)\u001b[22m\u001b[2m\u001b[22m\n","name":"/Users/adilyoltay/Desktop/obsesslesmobilenew/obslessless-clean/__tests__/live/LiveTodaySupabase.spec.ts","startTime":1756135799730,"status":"failed","summary":""}],"wasInterrupted":false}
