{"numFailedTestSuites":0,"numFailedTests":0,"numPassedTestSuites":6,"numPassedTests":15,"numPendingTestSuites":0,"numPendingTests":0,"numRuntimeErrorTestSuites":0,"numTodoTests":0,"numTotalTestSuites":6,"numTotalTests":15,"openHandles":[],"snapshot":{"added":0,"didUpdate":false,"failure":false,"filesAdded":0,"filesRemoved":0,"filesRemovedList":[],"filesUnmatched":0,"filesUpdated":0,"matched":0,"total":0,"unchecked":0,"uncheckedKeysByFile":[],"unmatched":0,"updated":0},"startTime":1756130807688,"success":true,"testResults":[{"assertionResults":[{"ancestorTitles":["System Voice - Unified Pipeline"],"duration":23,"failureDetails":[],"failureMessages":[],"fullName":"System Voice - Unified Pipeline [QRsys:voice:fallback] uses heuristic fallback when voice analysis fails","invocations":1,"location":null,"numPassingAsserts":3,"retryReasons":[],"status":"passed","title":"[QRsys:voice:fallback] uses heuristic fallback when voice analysis fails"}],"endTime":1756130808232,"message":"","name":"/Users/adilyoltay/Desktop/obsesslesmobilenew/obslessless-clean/__tests__/system/SystemVoicePipeline.spec.tsx","startTime":1756130807722,"status":"passed","summary":""},{"assertionResults":[{"ancestorTitles":["System Tracking - Unified Pipeline"],"duration":2,"failureDetails":[],"failureMessages":[],"fullName":"System Tracking - Unified Pipeline [QRsys:tracking:fresh] processes fresh for compulsion dataset","invocations":1,"location":null,"numPassingAsserts":1,"retryReasons":[],"status":"passed","title":"[QRsys:tracking:fresh] processes fresh for compulsion dataset"},{"ancestorTitles":["System Tracking - Unified Pipeline"],"duration":1,"failureDetails":[],"failureMessages":[],"fullName":"System Tracking - Unified Pipeline [QRsys:tracking:cache] returns cached result on repeat","invocations":1,"location":null,"numPassingAsserts":1,"retryReasons":[],"status":"passed","title":"[QRsys:tracking:cache] returns cached result on repeat"},{"ancestorTitles":["System Tracking - Unified Pipeline"],"duration":1,"failureDetails":[],"failureMessages":[],"fullName":"System Tracking - Unified Pipeline [QRsys:tracking:hidden] has no qualityMetadata (UI hides ribbon when absent)","invocations":1,"location":null,"numPassingAsserts":1,"retryReasons":[],"status":"passed","title":"[QRsys:tracking:hidden] has no qualityMetadata (UI hides ribbon when absent)"}],"endTime":1756130808271,"message":"","name":"/Users/adilyoltay/Desktop/obsesslesmobilenew/obslessless-clean/__tests__/system/SystemTrackingPipeline.spec.tsx","startTime":1756130808245,"status":"passed","summary":""},{"assertionResults":[{"ancestorTitles":["System Today - Unified Pipeline"],"duration":3,"failureDetails":[],"failureMessages":[],"fullName":"System Today - Unified Pipeline [QRsys:today:fresh] processes fresh and writes unified:* cache","invocations":1,"location":null,"numPassingAsserts":3,"retryReasons":[],"status":"passed","title":"[QRsys:today:fresh] processes fresh and writes unified:* cache"},{"ancestorTitles":["System Today - Unified Pipeline"],"duration":1,"failureDetails":[],"failureMessages":[],"fullName":"System Today - Unified Pipeline [QRsys:today:cache] returns cache on subsequent run","invocations":1,"location":null,"numPassingAsserts":2,"retryReasons":[],"status":"passed","title":"[QRsys:today:cache] returns cache on subsequent run"},{"ancestorTitles":["System Today - Unified Pipeline"],"duration":2,"failureDetails":[],"failureMessages":[],"fullName":"System Today - Unified Pipeline [QRsys:today:invalidate] emits invalidation and reruns pipeline","invocations":1,"location":null,"numPassingAsserts":2,"retryReasons":[],"status":"passed","title":"[QRsys:today:invalidate] emits invalidation and reruns pipeline"}],"endTime":1756130808307,"message":"","name":"/Users/adilyoltay/Desktop/obsesslesmobilenew/obslessless-clean/__tests__/system/SystemTodayPipeline.spec.tsx","startTime":1756130808279,"status":"passed","summary":""},{"assertionResults":[{"ancestorTitles":["System CBT - Unified Pipeline"],"duration":1,"failureDetails":[],"failureMessages":[],"fullName":"System CBT - Unified Pipeline [QRsys:cbt:fresh] processes fresh and populates minimal analytics","invocations":1,"location":null,"numPassingAsserts":2,"retryReasons":[],"status":"passed","title":"[QRsys:cbt:fresh] processes fresh and populates minimal analytics"},{"ancestorTitles":["System CBT - Unified Pipeline"],"duration":2,"failureDetails":[],"failureMessages":[],"fullName":"System CBT - Unified Pipeline [QRsys:cbt:cache] returns cached result on repeat","invocations":1,"location":null,"numPassingAsserts":2,"retryReasons":[],"status":"passed","title":"[QRsys:cbt:cache] returns cached result on repeat"},{"ancestorTitles":["System CBT - Unified Pipeline"],"duration":2,"failureDetails":[],"failureMessages":[],"fullName":"System CBT - Unified Pipeline [QRsys:cbt:hidden] has no qualityMetadata (UI hides)","invocations":1,"location":null,"numPassingAsserts":1,"retryReasons":[],"status":"passed","title":"[QRsys:cbt:hidden] has no qualityMetadata (UI hides)"}],"endTime":1756130808341,"message":"","name":"/Users/adilyoltay/Desktop/obsesslesmobilenew/obslessless-clean/__tests__/system/SystemCBTPipeline.spec.tsx","startTime":1756130808315,"status":"passed","summary":""},{"assertionResults":[{"ancestorTitles":["System OCD - Unified Pipeline"],"duration":1,"failureDetails":[],"failureMessages":[],"fullName":"System OCD - Unified Pipeline [QRsys:ocd:fresh] processes fresh with compulsion-like OCD data","invocations":1,"location":null,"numPassingAsserts":1,"retryReasons":[],"status":"passed","title":"[QRsys:ocd:fresh] processes fresh with compulsion-like OCD data"},{"ancestorTitles":["System OCD - Unified Pipeline"],"duration":1,"failureDetails":[],"failureMessages":[],"fullName":"System OCD - Unified Pipeline [QRsys:ocd:cache] returns cached result on repeat","invocations":1,"location":null,"numPassingAsserts":1,"retryReasons":[],"status":"passed","title":"[QRsys:ocd:cache] returns cached result on repeat"},{"ancestorTitles":["System OCD - Unified Pipeline"],"duration":1,"failureDetails":[],"failureMessages":[],"fullName":"System OCD - Unified Pipeline [QRsys:ocd:hidden] has no qualityMetadata (UI hides)","invocations":1,"location":null,"numPassingAsserts":1,"retryReasons":[],"status":"passed","title":"[QRsys:ocd:hidden] has no qualityMetadata (UI hides)"}],"endTime":1756130808370,"message":"","name":"/Users/adilyoltay/Desktop/obsesslesmobilenew/obslessless-clean/__tests__/system/SystemOCDPipeline.spec.tsx","startTime":1756130808347,"status":"passed","summary":""},{"assertionResults":[{"ancestorTitles":["System Mood - Unified Pipeline"],"duration":2,"failureDetails":[],"failureMessages":[],"fullName":"System Mood - Unified Pipeline [QRsys:mood:cache] caches result on repeat run","invocations":1,"location":null,"numPassingAsserts":3,"retryReasons":[],"status":"passed","title":"[QRsys:mood:cache] caches result on repeat run"},{"ancestorTitles":["System Mood - Unified Pipeline"],"duration":0,"failureDetails":[],"failureMessages":[],"fullName":"System Mood - Unified Pipeline [QRsys:mood:hidden] real pipeline has no qualityMetadata (hidden by UI)","invocations":1,"location":null,"numPassingAsserts":1,"retryReasons":[],"status":"passed","title":"[QRsys:mood:hidden] real pipeline has no qualityMetadata (hidden by UI)"}],"endTime":1756130808396,"message":"","name":"/Users/adilyoltay/Desktop/obsesslesmobilenew/obslessless-clean/__tests__/system/SystemMoodPipeline.spec.tsx","startTime":1756130808374,"status":"passed","summary":""}],"wasInterrupted":false}
